[DEBUG] 2024-10-21 18:04:46.759 [http-nio-8080-exec-3][LogFormatUtils.java] DispatcherServlet - GET "/main", parameters={}
[DEBUG] 2024-10-21 18:04:46.766 [http-nio-8080-exec-3][AbstractHandlerMapping.java] RequestMappingHandlerMapping - Mapped to kr.wikidocs.mvc.main.controller.MainController#page(ModelAndView, HashMap)
[INFO ] 2024-10-21 18:04:46.766 [http-nio-8080-exec-3][CustomInterceptor.java] CustomInterceptor - preHandle.url ::: [/main]
[DEBUG] 2024-10-21 18:04:46.766 [http-nio-8080-exec-3][CustomInterceptor.java] CustomInterceptor - noSession = null
[DEBUG] 2024-10-21 18:04:46.767 [http-nio-8080-exec-3][MainController.java] MainController - call => /main
[DEBUG] 2024-10-21 18:04:46.768 [http-nio-8080-exec-3][CustomInterceptor.java] CustomInterceptor - @@@ modelAndView: ModelAndView [view="main/home"; model={modelAndView=ModelAndView [view=[null]; model={result={}}], org.springframework.validation.BindingResult.modelAndView=org.springframework.validation.BeanPropertyBindingResult: 0 errors, result="{}", basePath=http://localhost:8080, cssPath=http://localhost:8080/resources/css, imgPath=http://localhost:8080/resources/img, jsPath=http://localhost:8080/resources/js, pluginPath=http://localhost:8080/resources/plugin, scssPath=http://localhost:8080/resources/scss, vendorPath=http://localhost:8080/resources/vendor}]
[DEBUG] 2024-10-21 18:04:46.768 [http-nio-8080-exec-3][ContentNegotiatingViewResolver.java] ContentNegotiatingViewResolver - Selected 'text/html' given [text/html, application/xhtml+xml, image/avif, image/webp, image/apng, application/xml;q=0.9, */*;q=0.8, application/signed-exchange;v=b3;q=0.7]
[WARN ] 2024-10-21 18:04:46.779 [http-nio-8080-exec-3][AbstractStandardFragmentInsertionTagProcessor.java] AbstractStandardFragmentInsertionTagProcessor - [THYMELEAF][http-nio-8080-exec-3][../common/layout] Deprecated unwrapped fragment expression "../common/fragment/head :: headFragment" found in template ../common/layout, line 7, col 11. Please use the complete syntax of fragment expressions instead ("~{../common/fragment/head :: headFragment}"). The old, unwrapped syntax for fragment expressions will be removed in future versions of Thymeleaf.
[WARN ] 2024-10-21 18:04:46.781 [http-nio-8080-exec-3][AbstractStandardFragmentInsertionTagProcessor.java] AbstractStandardFragmentInsertionTagProcessor - [THYMELEAF][http-nio-8080-exec-3][../common/layout] Deprecated unwrapped fragment expression "../common/fragment/sidebar :: sidebarFragment" found in template ../common/layout, line 13, col 19. Please use the complete syntax of fragment expressions instead ("~{../common/fragment/sidebar :: sidebarFragment}"). The old, unwrapped syntax for fragment expressions will be removed in future versions of Thymeleaf.
[WARN ] 2024-10-21 18:04:46.782 [http-nio-8080-exec-3][AbstractStandardFragmentInsertionTagProcessor.java] AbstractStandardFragmentInsertionTagProcessor - [THYMELEAF][http-nio-8080-exec-3][../common/layout] Deprecated unwrapped fragment expression "../common/fragment/top :: topbarFragment" found in template ../common/layout, line 18, col 27. Please use the complete syntax of fragment expressions instead ("~{../common/fragment/top :: topbarFragment}"). The old, unwrapped syntax for fragment expressions will be removed in future versions of Thymeleaf.
[WARN ] 2024-10-21 18:04:46.784 [http-nio-8080-exec-3][AbstractStandardFragmentInsertionTagProcessor.java] AbstractStandardFragmentInsertionTagProcessor - [THYMELEAF][http-nio-8080-exec-3][../common/layout] Deprecated unwrapped fragment expression "../common/fragment/footer :: footerFragment" found in template ../common/layout, line 25, col 23. Please use the complete syntax of fragment expressions instead ("~{../common/fragment/footer :: footerFragment}"). The old, unwrapped syntax for fragment expressions will be removed in future versions of Thymeleaf.
[WARN ] 2024-10-21 18:04:46.786 [http-nio-8080-exec-3][AbstractStandardFragmentInsertionTagProcessor.java] AbstractStandardFragmentInsertionTagProcessor - [THYMELEAF][http-nio-8080-exec-3][../common/layout] Deprecated unwrapped fragment expression "../common/fragment/script :: scriptFragment" found in template ../common/layout, line 30, col 15. Please use the complete syntax of fragment expressions instead ("~{../common/fragment/script :: scriptFragment}"). The old, unwrapped syntax for fragment expressions will be removed in future versions of Thymeleaf.
[DEBUG] 2024-10-21 18:04:46.789 [http-nio-8080-exec-3][FrameworkServlet.java] DispatcherServlet - Completed 200 OK
[DEBUG] 2024-10-21 18:04:46.800 [http-nio-8080-exec-5][LogFormatUtils.java] DispatcherServlet - GET "/resources/plugin/overlayScrollbars/css/OverlayScrollbars.min.css", parameters={}
[DEBUG] 2024-10-21 18:04:46.800 [http-nio-8080-exec-9][LogFormatUtils.java] DispatcherServlet - GET "/resources/plugin/icheck-bootstrap/icheck-bootstrap.min.css", parameters={}
[DEBUG] 2024-10-21 18:04:46.800 [http-nio-8080-exec-9][AbstractHandlerMapping.java] SimpleUrlHandlerMapping - Mapped to ResourceHttpRequestHandler [URL [file:C:/wikidocs/local/], ServletContext [/]]
[DEBUG] 2024-10-21 18:04:46.800 [http-nio-8080-exec-5][AbstractHandlerMapping.java] SimpleUrlHandlerMapping - Mapped to ResourceHttpRequestHandler [URL [file:C:/wikidocs/local/], ServletContext [/]]
[DEBUG] 2024-10-21 18:04:46.801 [http-nio-8080-exec-1][LogFormatUtils.java] DispatcherServlet - GET "/resources/plugin/jquery-confirm/jquery-confirm.min.css", parameters={}
[DEBUG] 2024-10-21 18:04:46.801 [http-nio-8080-exec-1][AbstractHandlerMapping.java] SimpleUrlHandlerMapping - Mapped to ResourceHttpRequestHandler [URL [file:C:/wikidocs/local/], ServletContext [/]]
[DEBUG] 2024-10-21 18:04:46.801 [http-nio-8080-exec-7][LogFormatUtils.java] DispatcherServlet - GET "/resources/plugin/tempusdominus-bootstrap-4/css/tempusdominus-bootstrap-4.min.css", parameters={}
[DEBUG] 2024-10-21 18:04:46.801 [http-nio-8080-exec-6][LogFormatUtils.java] DispatcherServlet - GET "/resources/plugin/daterangepicker/daterangepicker.css", parameters={}
[DEBUG] 2024-10-21 18:04:46.801 [http-nio-8080-exec-7][AbstractHandlerMapping.java] SimpleUrlHandlerMapping - Mapped to ResourceHttpRequestHandler [URL [file:C:/wikidocs/local/], ServletContext [/]]
[DEBUG] 2024-10-21 18:04:46.801 [http-nio-8080-exec-4][LogFormatUtils.java] DispatcherServlet - GET "/resources/plugin/fontawesome-free/css/all.min.css", parameters={}
[DEBUG] 2024-10-21 18:04:46.801 [http-nio-8080-exec-6][AbstractHandlerMapping.java] SimpleUrlHandlerMapping - Mapped to ResourceHttpRequestHandler [URL [file:C:/wikidocs/local/], ServletContext [/]]
[DEBUG] 2024-10-21 18:04:46.801 [http-nio-8080-exec-4][AbstractHandlerMapping.java] SimpleUrlHandlerMapping - Mapped to ResourceHttpRequestHandler [URL [file:C:/wikidocs/local/], ServletContext [/]]
[DEBUG] 2024-10-21 18:04:46.804 [http-nio-8080-exec-1][FrameworkServlet.java] DispatcherServlet - Completed 200 OK
[DEBUG] 2024-10-21 18:04:46.804 [http-nio-8080-exec-4][FrameworkServlet.java] DispatcherServlet - Completed 200 OK
[DEBUG] 2024-10-21 18:04:46.805 [http-nio-8080-exec-5][FrameworkServlet.java] DispatcherServlet - Completed 200 OK
[DEBUG] 2024-10-21 18:04:46.805 [http-nio-8080-exec-6][FrameworkServlet.java] DispatcherServlet - Completed 200 OK
[DEBUG] 2024-10-21 18:04:46.807 [http-nio-8080-exec-9][FrameworkServlet.java] DispatcherServlet - Completed 200 OK
[DEBUG] 2024-10-21 18:04:46.807 [http-nio-8080-exec-7][FrameworkServlet.java] DispatcherServlet - Completed 200 OK
[DEBUG] 2024-10-21 18:04:46.810 [http-nio-8080-exec-2][LogFormatUtils.java] DispatcherServlet - GET "/resources/css/custom/custom.css", parameters={}
[DEBUG] 2024-10-21 18:04:46.810 [http-nio-8080-exec-10][LogFormatUtils.java] DispatcherServlet - GET "/resources/css/sb-admin-2.min.css", parameters={}
[DEBUG] 2024-10-21 18:04:46.810 [http-nio-8080-exec-2][AbstractHandlerMapping.java] SimpleUrlHandlerMapping - Mapped to ResourceHttpRequestHandler [URL [file:C:/wikidocs/local/], ServletContext [/]]
[DEBUG] 2024-10-21 18:04:46.810 [http-nio-8080-exec-10][AbstractHandlerMapping.java] SimpleUrlHandlerMapping - Mapped to ResourceHttpRequestHandler [URL [file:C:/wikidocs/local/], ServletContext [/]]
[DEBUG] 2024-10-21 18:04:46.811 [http-nio-8080-exec-8][LogFormatUtils.java] DispatcherServlet - GET "/resources/css/adminlte.css", parameters={}
[DEBUG] 2024-10-21 18:04:46.811 [http-nio-8080-exec-8][AbstractHandlerMapping.java] SimpleUrlHandlerMapping - Mapped to ResourceHttpRequestHandler [URL [file:C:/wikidocs/local/], ServletContext [/]]
[DEBUG] 2024-10-21 18:04:46.811 [http-nio-8080-exec-3][LogFormatUtils.java] DispatcherServlet - GET "/resources/css/battery.css", parameters={}
[DEBUG] 2024-10-21 18:04:46.812 [http-nio-8080-exec-3][AbstractHandlerMapping.java] SimpleUrlHandlerMapping - Mapped to ResourceHttpRequestHandler [URL [file:C:/wikidocs/local/], ServletContext [/]]
[DEBUG] 2024-10-21 18:04:46.812 [http-nio-8080-exec-1][LogFormatUtils.java] DispatcherServlet - GET "/resources/css/fly-by.css", parameters={}
[DEBUG] 2024-10-21 18:04:46.812 [http-nio-8080-exec-4][LogFormatUtils.java] DispatcherServlet - GET "/resources/css/orbit.css", parameters={}
[DEBUG] 2024-10-21 18:04:46.812 [http-nio-8080-exec-1][AbstractHandlerMapping.java] SimpleUrlHandlerMapping - Mapped to ResourceHttpRequestHandler [URL [file:C:/wikidocs/local/], ServletContext [/]]
[DEBUG] 2024-10-21 18:04:46.812 [http-nio-8080-exec-4][AbstractHandlerMapping.java] SimpleUrlHandlerMapping - Mapped to ResourceHttpRequestHandler [URL [file:C:/wikidocs/local/], ServletContext [/]]
[DEBUG] 2024-10-21 18:04:46.813 [http-nio-8080-exec-2][FrameworkServlet.java] DispatcherServlet - Completed 200 OK
[DEBUG] 2024-10-21 18:04:46.814 [http-nio-8080-exec-5][LogFormatUtils.java] DispatcherServlet - GET "/resources/css/rainbow.css", parameters={}
[DEBUG] 2024-10-21 18:04:46.815 [http-nio-8080-exec-5][AbstractHandlerMapping.java] SimpleUrlHandlerMapping - Mapped to ResourceHttpRequestHandler [URL [file:C:/wikidocs/local/], ServletContext [/]]
[DEBUG] 2024-10-21 18:04:46.815 [http-nio-8080-exec-1][FrameworkServlet.java] DispatcherServlet - Completed 200 OK
[DEBUG] 2024-10-21 18:04:46.815 [http-nio-8080-exec-10][FrameworkServlet.java] DispatcherServlet - Completed 200 OK
[DEBUG] 2024-10-21 18:04:46.816 [http-nio-8080-exec-3][FrameworkServlet.java] DispatcherServlet - Completed 200 OK
[DEBUG] 2024-10-21 18:04:46.817 [http-nio-8080-exec-6][LogFormatUtils.java] DispatcherServlet - GET "/resources/img/undraw_profile_1.svg", parameters={}
[DEBUG] 2024-10-21 18:04:46.817 [http-nio-8080-exec-9][LogFormatUtils.java] DispatcherServlet - GET "/resources/img/undraw_profile_2.svg", parameters={}
[DEBUG] 2024-10-21 18:04:46.817 [http-nio-8080-exec-6][AbstractHandlerMapping.java] SimpleUrlHandlerMapping - Mapped to ResourceHttpRequestHandler [URL [file:C:/wikidocs/local/], ServletContext [/]]
[DEBUG] 2024-10-21 18:04:46.817 [http-nio-8080-exec-5][FrameworkServlet.java] DispatcherServlet - Completed 200 OK
[DEBUG] 2024-10-21 18:04:46.817 [http-nio-8080-exec-9][AbstractHandlerMapping.java] SimpleUrlHandlerMapping - Mapped to ResourceHttpRequestHandler [URL [file:C:/wikidocs/local/], ServletContext [/]]
[DEBUG] 2024-10-21 18:04:46.817 [http-nio-8080-exec-4][FrameworkServlet.java] DispatcherServlet - Completed 200 OK
[DEBUG] 2024-10-21 18:04:46.819 [http-nio-8080-exec-6][FrameworkServlet.java] DispatcherServlet - Completed 200 OK
[DEBUG] 2024-10-21 18:04:46.821 [http-nio-8080-exec-9][FrameworkServlet.java] DispatcherServlet - Completed 200 OK
[DEBUG] 2024-10-21 18:04:46.823 [http-nio-8080-exec-8][FrameworkServlet.java] DispatcherServlet - Completed 200 OK
[DEBUG] 2024-10-21 18:04:46.827 [http-nio-8080-exec-7][LogFormatUtils.java] DispatcherServlet - GET "/resources/img/undraw_profile_3.svg", parameters={}
[DEBUG] 2024-10-21 18:04:46.827 [http-nio-8080-exec-7][AbstractHandlerMapping.java] SimpleUrlHandlerMapping - Mapped to ResourceHttpRequestHandler [URL [file:C:/wikidocs/local/], ServletContext [/]]
[DEBUG] 2024-10-21 18:04:46.830 [http-nio-8080-exec-7][FrameworkServlet.java] DispatcherServlet - Completed 200 OK
[DEBUG] 2024-10-21 18:04:46.848 [http-nio-8080-exec-2][LogFormatUtils.java] DispatcherServlet - GET "/resources/img/undraw_profile.svg", parameters={}
[DEBUG] 2024-10-21 18:04:46.848 [http-nio-8080-exec-2][AbstractHandlerMapping.java] SimpleUrlHandlerMapping - Mapped to ResourceHttpRequestHandler [URL [file:C:/wikidocs/local/], ServletContext [/]]
[DEBUG] 2024-10-21 18:04:46.850 [http-nio-8080-exec-2][FrameworkServlet.java] DispatcherServlet - Completed 200 OK
[DEBUG] 2024-10-21 18:04:46.853 [http-nio-8080-exec-1][LogFormatUtils.java] DispatcherServlet - GET "/resources/plugin/jquery/jquery.min.js", parameters={}
[DEBUG] 2024-10-21 18:04:46.854 [http-nio-8080-exec-1][AbstractHandlerMapping.java] SimpleUrlHandlerMapping - Mapped to ResourceHttpRequestHandler [URL [file:C:/wikidocs/local/], ServletContext [/]]
[DEBUG] 2024-10-21 18:04:46.855 [http-nio-8080-exec-1][FrameworkServlet.java] DispatcherServlet - Completed 200 OK
[DEBUG] 2024-10-21 18:04:46.862 [http-nio-8080-exec-10][LogFormatUtils.java] DispatcherServlet - GET "/resources/plugin/jquery-ui/jquery-ui.min.js", parameters={}
[DEBUG] 2024-10-21 18:04:46.862 [http-nio-8080-exec-10][AbstractHandlerMapping.java] SimpleUrlHandlerMapping - Mapped to ResourceHttpRequestHandler [URL [file:C:/wikidocs/local/], ServletContext [/]]
[DEBUG] 2024-10-21 18:04:46.864 [http-nio-8080-exec-10][FrameworkServlet.java] DispatcherServlet - Completed 200 OK
[DEBUG] 2024-10-21 18:04:46.872 [http-nio-8080-exec-3][LogFormatUtils.java] DispatcherServlet - GET "/resources/plugin/jquery/jquery.form.min.js", parameters={}
[DEBUG] 2024-10-21 18:04:46.872 [http-nio-8080-exec-3][AbstractHandlerMapping.java] SimpleUrlHandlerMapping - Mapped to ResourceHttpRequestHandler [URL [file:C:/wikidocs/local/], ServletContext [/]]
[DEBUG] 2024-10-21 18:04:46.874 [http-nio-8080-exec-3][FrameworkServlet.java] DispatcherServlet - Completed 200 OK
[DEBUG] 2024-10-21 18:04:46.876 [http-nio-8080-exec-5][LogFormatUtils.java] DispatcherServlet - GET "/resources/plugin/overlayScrollbars/js/jquery.overlayScrollbars.min.js", parameters={}
[DEBUG] 2024-10-21 18:04:46.877 [http-nio-8080-exec-5][AbstractHandlerMapping.java] SimpleUrlHandlerMapping - Mapped to ResourceHttpRequestHandler [URL [file:C:/wikidocs/local/], ServletContext [/]]
[DEBUG] 2024-10-21 18:04:46.878 [http-nio-8080-exec-5][FrameworkServlet.java] DispatcherServlet - Completed 200 OK
[DEBUG] 2024-10-21 18:04:46.882 [http-nio-8080-exec-4][LogFormatUtils.java] DispatcherServlet - GET "/resources/plugin/jquery-confirm/jquery-confirm.min.js", parameters={}
[DEBUG] 2024-10-21 18:04:46.882 [http-nio-8080-exec-4][AbstractHandlerMapping.java] SimpleUrlHandlerMapping - Mapped to ResourceHttpRequestHandler [URL [file:C:/wikidocs/local/], ServletContext [/]]
[DEBUG] 2024-10-21 18:04:46.884 [http-nio-8080-exec-4][FrameworkServlet.java] DispatcherServlet - Completed 200 OK
[DEBUG] 2024-10-21 18:04:46.887 [http-nio-8080-exec-6][LogFormatUtils.java] DispatcherServlet - GET "/resources/plugin/jquery-validation/jquery.validate.js", parameters={}
[DEBUG] 2024-10-21 18:04:46.888 [http-nio-8080-exec-6][AbstractHandlerMapping.java] SimpleUrlHandlerMapping - Mapped to ResourceHttpRequestHandler [URL [file:C:/wikidocs/local/], ServletContext [/]]
[DEBUG] 2024-10-21 18:04:46.890 [http-nio-8080-exec-6][FrameworkServlet.java] DispatcherServlet - Completed 200 OK
[DEBUG] 2024-10-21 18:04:46.892 [http-nio-8080-exec-9][LogFormatUtils.java] DispatcherServlet - GET "/resources/plugin/jquery-validation/additional-methods.min.js", parameters={}
[DEBUG] 2024-10-21 18:04:46.892 [http-nio-8080-exec-9][AbstractHandlerMapping.java] SimpleUrlHandlerMapping - Mapped to ResourceHttpRequestHandler [URL [file:C:/wikidocs/local/], ServletContext [/]]
[DEBUG] 2024-10-21 18:04:46.895 [http-nio-8080-exec-9][FrameworkServlet.java] DispatcherServlet - Completed 200 OK
[DEBUG] 2024-10-21 18:04:46.898 [http-nio-8080-exec-8][LogFormatUtils.java] DispatcherServlet - GET "/resources/vendor/bootstrap/js/bootstrap.bundle.min.js", parameters={}
[DEBUG] 2024-10-21 18:04:46.898 [http-nio-8080-exec-8][AbstractHandlerMapping.java] SimpleUrlHandlerMapping - Mapped to ResourceHttpRequestHandler [URL [file:C:/wikidocs/local/], ServletContext [/]]
[DEBUG] 2024-10-21 18:04:46.900 [http-nio-8080-exec-8][FrameworkServlet.java] DispatcherServlet - Completed 200 OK
[DEBUG] 2024-10-21 18:04:46.904 [http-nio-8080-exec-7][LogFormatUtils.java] DispatcherServlet - GET "/resources/plugin/axios/axios.min.js", parameters={}
[DEBUG] 2024-10-21 18:04:46.905 [http-nio-8080-exec-7][AbstractHandlerMapping.java] SimpleUrlHandlerMapping - Mapped to ResourceHttpRequestHandler [URL [file:C:/wikidocs/local/], ServletContext [/]]
[DEBUG] 2024-10-21 18:04:46.906 [http-nio-8080-exec-7][FrameworkServlet.java] DispatcherServlet - Completed 200 OK
[DEBUG] 2024-10-21 18:04:46.908 [http-nio-8080-exec-2][LogFormatUtils.java] DispatcherServlet - GET "/resources/plugin/moment/moment.min.js", parameters={}
[DEBUG] 2024-10-21 18:04:46.908 [http-nio-8080-exec-2][AbstractHandlerMapping.java] SimpleUrlHandlerMapping - Mapped to ResourceHttpRequestHandler [URL [file:C:/wikidocs/local/], ServletContext [/]]
[DEBUG] 2024-10-21 18:04:46.910 [http-nio-8080-exec-2][FrameworkServlet.java] DispatcherServlet - Completed 200 OK
[DEBUG] 2024-10-21 18:04:46.913 [http-nio-8080-exec-1][LogFormatUtils.java] DispatcherServlet - GET "/resources/plugin/moment/locale/ko.js", parameters={}
[DEBUG] 2024-10-21 18:04:46.913 [http-nio-8080-exec-1][AbstractHandlerMapping.java] SimpleUrlHandlerMapping - Mapped to ResourceHttpRequestHandler [URL [file:C:/wikidocs/local/], ServletContext [/]]
[DEBUG] 2024-10-21 18:04:46.915 [http-nio-8080-exec-1][FrameworkServlet.java] DispatcherServlet - Completed 200 OK
[DEBUG] 2024-10-21 18:04:46.918 [http-nio-8080-exec-10][LogFormatUtils.java] DispatcherServlet - GET "/resources/plugin/inputmask/jquery.inputmask.min.js", parameters={}
[DEBUG] 2024-10-21 18:04:46.918 [http-nio-8080-exec-10][AbstractHandlerMapping.java] SimpleUrlHandlerMapping - Mapped to ResourceHttpRequestHandler [URL [file:C:/wikidocs/local/], ServletContext [/]]
[DEBUG] 2024-10-21 18:04:46.921 [http-nio-8080-exec-10][FrameworkServlet.java] DispatcherServlet - Completed 200 OK
[DEBUG] 2024-10-21 18:04:46.925 [http-nio-8080-exec-3][LogFormatUtils.java] DispatcherServlet - GET "/resources/plugin/daterangepicker/daterangepicker.js", parameters={}
[DEBUG] 2024-10-21 18:04:46.925 [http-nio-8080-exec-3][AbstractHandlerMapping.java] SimpleUrlHandlerMapping - Mapped to ResourceHttpRequestHandler [URL [file:C:/wikidocs/local/], ServletContext [/]]
[DEBUG] 2024-10-21 18:04:46.927 [http-nio-8080-exec-3][FrameworkServlet.java] DispatcherServlet - Completed 200 OK
[DEBUG] 2024-10-21 18:04:46.929 [http-nio-8080-exec-5][LogFormatUtils.java] DispatcherServlet - GET "/resources/plugin/ag-grid/js/ag-grid.js", parameters={}
[DEBUG] 2024-10-21 18:04:46.929 [http-nio-8080-exec-5][AbstractHandlerMapping.java] SimpleUrlHandlerMapping - Mapped to ResourceHttpRequestHandler [URL [file:C:/wikidocs/local/], ServletContext [/]]
[DEBUG] 2024-10-21 18:04:46.950 [http-nio-8080-exec-5][FrameworkServlet.java] DispatcherServlet - Completed 200 OK
[DEBUG] 2024-10-21 18:04:46.991 [http-nio-8080-exec-4][LogFormatUtils.java] DispatcherServlet - GET "/resources/js/custom/custom.jquery.js", parameters={}
[DEBUG] 2024-10-21 18:04:46.991 [http-nio-8080-exec-4][AbstractHandlerMapping.java] SimpleUrlHandlerMapping - Mapped to ResourceHttpRequestHandler [URL [file:C:/wikidocs/local/], ServletContext [/]]
[DEBUG] 2024-10-21 18:04:46.993 [http-nio-8080-exec-4][FrameworkServlet.java] DispatcherServlet - Completed 200 OK
[DEBUG] 2024-10-21 18:04:46.995 [http-nio-8080-exec-6][LogFormatUtils.java] DispatcherServlet - GET "/resources/js/custom/custom.common.js", parameters={}
[DEBUG] 2024-10-21 18:04:46.996 [http-nio-8080-exec-6][AbstractHandlerMapping.java] SimpleUrlHandlerMapping - Mapped to ResourceHttpRequestHandler [URL [file:C:/wikidocs/local/], ServletContext [/]]
[DEBUG] 2024-10-21 18:04:46.997 [http-nio-8080-exec-6][FrameworkServlet.java] DispatcherServlet - Completed 200 OK
[DEBUG] 2024-10-21 18:04:46.999 [http-nio-8080-exec-9][LogFormatUtils.java] DispatcherServlet - GET "/resources/js/custom/custom.storage.js", parameters={}
[DEBUG] 2024-10-21 18:04:46.999 [http-nio-8080-exec-9][AbstractHandlerMapping.java] SimpleUrlHandlerMapping - Mapped to ResourceHttpRequestHandler [URL [file:C:/wikidocs/local/], ServletContext [/]]
[DEBUG] 2024-10-21 18:04:47.001 [http-nio-8080-exec-9][FrameworkServlet.java] DispatcherServlet - Completed 200 OK
[DEBUG] 2024-10-21 18:04:47.003 [http-nio-8080-exec-8][LogFormatUtils.java] DispatcherServlet - GET "/resources/js/custom/custom.util.js", parameters={}
[DEBUG] 2024-10-21 18:04:47.003 [http-nio-8080-exec-8][AbstractHandlerMapping.java] SimpleUrlHandlerMapping - Mapped to ResourceHttpRequestHandler [URL [file:C:/wikidocs/local/], ServletContext [/]]
[DEBUG] 2024-10-21 18:04:47.005 [http-nio-8080-exec-8][FrameworkServlet.java] DispatcherServlet - Completed 200 OK
[DEBUG] 2024-10-21 18:04:47.007 [http-nio-8080-exec-7][LogFormatUtils.java] DispatcherServlet - GET "/resources/js/custom/custom.grid.js", parameters={}
[DEBUG] 2024-10-21 18:04:47.007 [http-nio-8080-exec-7][AbstractHandlerMapping.java] SimpleUrlHandlerMapping - Mapped to ResourceHttpRequestHandler [URL [file:C:/wikidocs/local/], ServletContext [/]]
[DEBUG] 2024-10-21 18:04:47.009 [http-nio-8080-exec-7][FrameworkServlet.java] DispatcherServlet - Completed 200 OK
[DEBUG] 2024-10-21 18:04:47.011 [http-nio-8080-exec-2][LogFormatUtils.java] DispatcherServlet - GET "/resources/js/sb-admin-2.min.js", parameters={}
[DEBUG] 2024-10-21 18:04:47.011 [http-nio-8080-exec-2][AbstractHandlerMapping.java] SimpleUrlHandlerMapping - Mapped to ResourceHttpRequestHandler [URL [file:C:/wikidocs/local/], ServletContext [/]]
[DEBUG] 2024-10-21 18:04:47.012 [http-nio-8080-exec-2][FrameworkServlet.java] DispatcherServlet - Completed 200 OK
[DEBUG] 2024-10-21 18:04:47.014 [http-nio-8080-exec-1][LogFormatUtils.java] DispatcherServlet - GET "/resources/js/adminlte.js", parameters={}
[DEBUG] 2024-10-21 18:04:47.014 [http-nio-8080-exec-1][AbstractHandlerMapping.java] SimpleUrlHandlerMapping - Mapped to ResourceHttpRequestHandler [URL [file:C:/wikidocs/local/], ServletContext [/]]
[DEBUG] 2024-10-21 18:04:47.016 [http-nio-8080-exec-1][FrameworkServlet.java] DispatcherServlet - Completed 200 OK
[DEBUG] 2024-10-21 18:04:47.137 [http-nio-8080-exec-10][LogFormatUtils.java] DispatcherServlet - GET "/resources/img/undraw_posting_photo.svg", parameters={}
[DEBUG] 2024-10-21 18:04:47.137 [http-nio-8080-exec-10][AbstractHandlerMapping.java] SimpleUrlHandlerMapping - Mapped to ResourceHttpRequestHandler [URL [file:C:/wikidocs/local/], ServletContext [/]]
[DEBUG] 2024-10-21 18:04:47.139 [http-nio-8080-exec-10][FrameworkServlet.java] DispatcherServlet - Completed 200 OK
[DEBUG] 2024-10-21 18:04:47.160 [http-nio-8080-exec-3][LogFormatUtils.java] DispatcherServlet - GET "/resources/plugin/fontawesome-free/webfonts/fa-solid-900.woff2", parameters={}
[DEBUG] 2024-10-21 18:04:47.161 [http-nio-8080-exec-3][AbstractHandlerMapping.java] SimpleUrlHandlerMapping - Mapped to ResourceHttpRequestHandler [URL [file:C:/wikidocs/local/], ServletContext [/]]
[DEBUG] 2024-10-21 18:04:47.163 [http-nio-8080-exec-3][FrameworkServlet.java] DispatcherServlet - Completed 200 OK
[DEBUG] 2024-10-21 18:04:48.790 [http-nio-8080-exec-5][LogFormatUtils.java] DispatcherServlet - GET "/auth/cards", parameters={}
[DEBUG] 2024-10-21 18:04:48.790 [http-nio-8080-exec-5][AbstractHandlerMapping.java] RequestMappingHandlerMapping - Mapped to kr.wikidocs.mvc.auth.controller.AuthController#page(ModelAndView, HashMap)
[INFO ] 2024-10-21 18:04:48.790 [http-nio-8080-exec-5][CustomInterceptor.java] CustomInterceptor - preHandle.url ::: [/auth/cards]
[DEBUG] 2024-10-21 18:04:48.790 [http-nio-8080-exec-5][CustomInterceptor.java] CustomInterceptor - noSession = null
[DEBUG] 2024-10-21 18:04:48.790 [http-nio-8080-exec-5][AuthController.java] AuthController - param: {}
[DEBUG] 2024-10-21 18:04:48.791 [http-nio-8080-exec-5][CustomInterceptor.java] CustomInterceptor - @@@ modelAndView: ModelAndView [view="auth/cards"; model={modelAndView=ModelAndView [view=[null]; model={result={}}], org.springframework.validation.BindingResult.modelAndView=org.springframework.validation.BeanPropertyBindingResult: 0 errors, result={}, basePath=http://localhost:8080, cssPath=http://localhost:8080/resources/css, imgPath=http://localhost:8080/resources/img, jsPath=http://localhost:8080/resources/js, pluginPath=http://localhost:8080/resources/plugin, scssPath=http://localhost:8080/resources/scss, vendorPath=http://localhost:8080/resources/vendor}]
[DEBUG] 2024-10-21 18:04:48.791 [http-nio-8080-exec-5][ContentNegotiatingViewResolver.java] ContentNegotiatingViewResolver - Selected 'text/html' given [text/html, application/xhtml+xml, image/avif, image/webp, image/apng, application/xml;q=0.9, */*;q=0.8, application/signed-exchange;v=b3;q=0.7]
[WARN ] 2024-10-21 18:04:48.802 [http-nio-8080-exec-5][AbstractStandardFragmentInsertionTagProcessor.java] AbstractStandardFragmentInsertionTagProcessor - [THYMELEAF][http-nio-8080-exec-5][../common/layout] Deprecated unwrapped fragment expression "../common/fragment/head :: headFragment" found in template ../common/layout, line 7, col 11. Please use the complete syntax of fragment expressions instead ("~{../common/fragment/head :: headFragment}"). The old, unwrapped syntax for fragment expressions will be removed in future versions of Thymeleaf.
[WARN ] 2024-10-21 18:04:48.804 [http-nio-8080-exec-5][AbstractStandardFragmentInsertionTagProcessor.java] AbstractStandardFragmentInsertionTagProcessor - [THYMELEAF][http-nio-8080-exec-5][../common/layout] Deprecated unwrapped fragment expression "../common/fragment/sidebar :: sidebarFragment" found in template ../common/layout, line 13, col 19. Please use the complete syntax of fragment expressions instead ("~{../common/fragment/sidebar :: sidebarFragment}"). The old, unwrapped syntax for fragment expressions will be removed in future versions of Thymeleaf.
[WARN ] 2024-10-21 18:04:48.805 [http-nio-8080-exec-5][AbstractStandardFragmentInsertionTagProcessor.java] AbstractStandardFragmentInsertionTagProcessor - [THYMELEAF][http-nio-8080-exec-5][../common/layout] Deprecated unwrapped fragment expression "../common/fragment/top :: topbarFragment" found in template ../common/layout, line 18, col 27. Please use the complete syntax of fragment expressions instead ("~{../common/fragment/top :: topbarFragment}"). The old, unwrapped syntax for fragment expressions will be removed in future versions of Thymeleaf.
[WARN ] 2024-10-21 18:04:48.806 [http-nio-8080-exec-5][AbstractStandardFragmentInsertionTagProcessor.java] AbstractStandardFragmentInsertionTagProcessor - [THYMELEAF][http-nio-8080-exec-5][../common/layout] Deprecated unwrapped fragment expression "../common/fragment/footer :: footerFragment" found in template ../common/layout, line 25, col 23. Please use the complete syntax of fragment expressions instead ("~{../common/fragment/footer :: footerFragment}"). The old, unwrapped syntax for fragment expressions will be removed in future versions of Thymeleaf.
[WARN ] 2024-10-21 18:04:48.807 [http-nio-8080-exec-5][AbstractStandardFragmentInsertionTagProcessor.java] AbstractStandardFragmentInsertionTagProcessor - [THYMELEAF][http-nio-8080-exec-5][../common/layout] Deprecated unwrapped fragment expression "../common/fragment/script :: scriptFragment" found in template ../common/layout, line 30, col 15. Please use the complete syntax of fragment expressions instead ("~{../common/fragment/script :: scriptFragment}"). The old, unwrapped syntax for fragment expressions will be removed in future versions of Thymeleaf.
[DEBUG] 2024-10-21 18:04:48.808 [http-nio-8080-exec-5][FrameworkServlet.java] DispatcherServlet - Completed 200 OK
[DEBUG] 2024-10-21 18:04:48.822 [http-nio-8080-exec-9][LogFormatUtils.java] DispatcherServlet - GET "/resources/plugin/jquery-confirm/jquery-confirm.min.css", parameters={}
[DEBUG] 2024-10-21 18:04:48.822 [http-nio-8080-exec-6][LogFormatUtils.java] DispatcherServlet - GET "/resources/plugin/overlayScrollbars/css/OverlayScrollbars.min.css", parameters={}
[DEBUG] 2024-10-21 18:04:48.822 [http-nio-8080-exec-8][LogFormatUtils.java] DispatcherServlet - GET "/resources/plugin/daterangepicker/daterangepicker.css", parameters={}
[DEBUG] 2024-10-21 18:04:48.822 [http-nio-8080-exec-4][LogFormatUtils.java] DispatcherServlet - GET "/resources/plugin/icheck-bootstrap/icheck-bootstrap.min.css", parameters={}
[DEBUG] 2024-10-21 18:04:48.822 [http-nio-8080-exec-7][LogFormatUtils.java] DispatcherServlet - GET "/resources/plugin/tempusdominus-bootstrap-4/css/tempusdominus-bootstrap-4.min.css", parameters={}
[DEBUG] 2024-10-21 18:04:48.822 [http-nio-8080-exec-2][LogFormatUtils.java] DispatcherServlet - GET "/resources/plugin/fontawesome-free/css/all.min.css", parameters={}
[DEBUG] 2024-10-21 18:04:48.823 [http-nio-8080-exec-4][AbstractHandlerMapping.java] SimpleUrlHandlerMapping - Mapped to ResourceHttpRequestHandler [URL [file:C:/wikidocs/local/], ServletContext [/]]
[DEBUG] 2024-10-21 18:04:48.822 [http-nio-8080-exec-6][AbstractHandlerMapping.java] SimpleUrlHandlerMapping - Mapped to ResourceHttpRequestHandler [URL [file:C:/wikidocs/local/], ServletContext [/]]
[DEBUG] 2024-10-21 18:04:48.822 [http-nio-8080-exec-9][AbstractHandlerMapping.java] SimpleUrlHandlerMapping - Mapped to ResourceHttpRequestHandler [URL [file:C:/wikidocs/local/], ServletContext [/]]
[DEBUG] 2024-10-21 18:04:48.823 [http-nio-8080-exec-2][AbstractHandlerMapping.java] SimpleUrlHandlerMapping - Mapped to ResourceHttpRequestHandler [URL [file:C:/wikidocs/local/], ServletContext [/]]
[DEBUG] 2024-10-21 18:04:48.823 [http-nio-8080-exec-7][AbstractHandlerMapping.java] SimpleUrlHandlerMapping - Mapped to ResourceHttpRequestHandler [URL [file:C:/wikidocs/local/], ServletContext [/]]
[DEBUG] 2024-10-21 18:04:48.823 [http-nio-8080-exec-8][AbstractHandlerMapping.java] SimpleUrlHandlerMapping - Mapped to ResourceHttpRequestHandler [URL [file:C:/wikidocs/local/], ServletContext [/]]
[DEBUG] 2024-10-21 18:04:48.824 [http-nio-8080-exec-6][FrameworkServlet.java] DispatcherServlet - Completed 200 OK
[DEBUG] 2024-10-21 18:04:48.824 [http-nio-8080-exec-8][FrameworkServlet.java] DispatcherServlet - Completed 200 OK
[DEBUG] 2024-10-21 18:04:48.824 [http-nio-8080-exec-9][FrameworkServlet.java] DispatcherServlet - Completed 200 OK
[DEBUG] 2024-10-21 18:04:48.824 [http-nio-8080-exec-4][FrameworkServlet.java] DispatcherServlet - Completed 200 OK
[DEBUG] 2024-10-21 18:04:48.824 [http-nio-8080-exec-2][FrameworkServlet.java] DispatcherServlet - Completed 200 OK
[DEBUG] 2024-10-21 18:04:48.824 [http-nio-8080-exec-7][FrameworkServlet.java] DispatcherServlet - Completed 200 OK
[DEBUG] 2024-10-21 18:04:48.827 [http-nio-8080-exec-1][LogFormatUtils.java] DispatcherServlet - GET "/resources/css/custom/custom.css", parameters={}
[DEBUG] 2024-10-21 18:04:48.829 [http-nio-8080-exec-10][LogFormatUtils.java] DispatcherServlet - GET "/resources/css/sb-admin-2.min.css", parameters={}
[DEBUG] 2024-10-21 18:04:48.829 [http-nio-8080-exec-1][AbstractHandlerMapping.java] SimpleUrlHandlerMapping - Mapped to ResourceHttpRequestHandler [URL [file:C:/wikidocs/local/], ServletContext [/]]
[DEBUG] 2024-10-21 18:04:48.829 [http-nio-8080-exec-10][AbstractHandlerMapping.java] SimpleUrlHandlerMapping - Mapped to ResourceHttpRequestHandler [URL [file:C:/wikidocs/local/], ServletContext [/]]
[DEBUG] 2024-10-21 18:04:48.829 [http-nio-8080-exec-3][LogFormatUtils.java] DispatcherServlet - GET "/resources/css/adminlte.css", parameters={}
[DEBUG] 2024-10-21 18:04:48.829 [http-nio-8080-exec-6][LogFormatUtils.java] DispatcherServlet - GET "/resources/css/fly-by.css", parameters={}
[DEBUG] 2024-10-21 18:04:48.829 [http-nio-8080-exec-3][AbstractHandlerMapping.java] SimpleUrlHandlerMapping - Mapped to ResourceHttpRequestHandler [URL [file:C:/wikidocs/local/], ServletContext [/]]
[DEBUG] 2024-10-21 18:04:48.829 [http-nio-8080-exec-8][LogFormatUtils.java] DispatcherServlet - GET "/resources/css/orbit.css", parameters={}
[DEBUG] 2024-10-21 18:04:48.829 [http-nio-8080-exec-5][LogFormatUtils.java] DispatcherServlet - GET "/resources/css/battery.css", parameters={}
[DEBUG] 2024-10-21 18:04:48.830 [http-nio-8080-exec-8][AbstractHandlerMapping.java] SimpleUrlHandlerMapping - Mapped to ResourceHttpRequestHandler [URL [file:C:/wikidocs/local/], ServletContext [/]]
[DEBUG] 2024-10-21 18:04:48.829 [http-nio-8080-exec-6][AbstractHandlerMapping.java] SimpleUrlHandlerMapping - Mapped to ResourceHttpRequestHandler [URL [file:C:/wikidocs/local/], ServletContext [/]]
[DEBUG] 2024-10-21 18:04:48.830 [http-nio-8080-exec-5][AbstractHandlerMapping.java] SimpleUrlHandlerMapping - Mapped to ResourceHttpRequestHandler [URL [file:C:/wikidocs/local/], ServletContext [/]]
[DEBUG] 2024-10-21 18:04:48.831 [http-nio-8080-exec-1][FrameworkServlet.java] DispatcherServlet - Completed 200 OK
[DEBUG] 2024-10-21 18:04:48.831 [http-nio-8080-exec-8][FrameworkServlet.java] DispatcherServlet - Completed 200 OK
[DEBUG] 2024-10-21 18:04:48.831 [http-nio-8080-exec-6][FrameworkServlet.java] DispatcherServlet - Completed 200 OK
[DEBUG] 2024-10-21 18:04:48.832 [http-nio-8080-exec-10][FrameworkServlet.java] DispatcherServlet - Completed 200 OK
[DEBUG] 2024-10-21 18:04:48.832 [http-nio-8080-exec-9][LogFormatUtils.java] DispatcherServlet - GET "/resources/css/rainbow.css", parameters={}
[DEBUG] 2024-10-21 18:04:48.832 [http-nio-8080-exec-9][AbstractHandlerMapping.java] SimpleUrlHandlerMapping - Mapped to ResourceHttpRequestHandler [URL [file:C:/wikidocs/local/], ServletContext [/]]
[DEBUG] 2024-10-21 18:04:48.832 [http-nio-8080-exec-5][FrameworkServlet.java] DispatcherServlet - Completed 200 OK
[DEBUG] 2024-10-21 18:04:48.834 [http-nio-8080-exec-4][LogFormatUtils.java] DispatcherServlet - GET "/resources/img/undraw_profile_1.svg", parameters={}
[DEBUG] 2024-10-21 18:04:48.834 [http-nio-8080-exec-2][LogFormatUtils.java] DispatcherServlet - GET "/resources/img/undraw_profile_2.svg", parameters={}
[DEBUG] 2024-10-21 18:04:48.835 [http-nio-8080-exec-9][FrameworkServlet.java] DispatcherServlet - Completed 200 OK
[DEBUG] 2024-10-21 18:04:48.835 [http-nio-8080-exec-4][AbstractHandlerMapping.java] SimpleUrlHandlerMapping - Mapped to ResourceHttpRequestHandler [URL [file:C:/wikidocs/local/], ServletContext [/]]
[DEBUG] 2024-10-21 18:04:48.835 [http-nio-8080-exec-2][AbstractHandlerMapping.java] SimpleUrlHandlerMapping - Mapped to ResourceHttpRequestHandler [URL [file:C:/wikidocs/local/], ServletContext [/]]
[DEBUG] 2024-10-21 18:04:48.836 [http-nio-8080-exec-2][FrameworkServlet.java] DispatcherServlet - Completed 200 OK
[DEBUG] 2024-10-21 18:04:48.836 [http-nio-8080-exec-4][FrameworkServlet.java] DispatcherServlet - Completed 200 OK
[DEBUG] 2024-10-21 18:04:48.838 [http-nio-8080-exec-3][FrameworkServlet.java] DispatcherServlet - Completed 200 OK
[DEBUG] 2024-10-21 18:04:48.871 [http-nio-8080-exec-7][LogFormatUtils.java] DispatcherServlet - GET "/resources/img/undraw_profile_3.svg", parameters={}
[DEBUG] 2024-10-21 18:04:48.871 [http-nio-8080-exec-7][AbstractHandlerMapping.java] SimpleUrlHandlerMapping - Mapped to ResourceHttpRequestHandler [URL [file:C:/wikidocs/local/], ServletContext [/]]
[DEBUG] 2024-10-21 18:04:48.872 [http-nio-8080-exec-7][FrameworkServlet.java] DispatcherServlet - Completed 200 OK
[DEBUG] 2024-10-21 18:04:48.873 [http-nio-8080-exec-1][LogFormatUtils.java] DispatcherServlet - GET "/resources/img/undraw_profile.svg", parameters={}
[DEBUG] 2024-10-21 18:04:48.873 [http-nio-8080-exec-6][LogFormatUtils.java] DispatcherServlet - GET "/resources/plugin/jquery/jquery.min.js", parameters={}
[DEBUG] 2024-10-21 18:04:48.874 [http-nio-8080-exec-6][AbstractHandlerMapping.java] SimpleUrlHandlerMapping - Mapped to ResourceHttpRequestHandler [URL [file:C:/wikidocs/local/], ServletContext [/]]
[DEBUG] 2024-10-21 18:04:48.874 [http-nio-8080-exec-1][AbstractHandlerMapping.java] SimpleUrlHandlerMapping - Mapped to ResourceHttpRequestHandler [URL [file:C:/wikidocs/local/], ServletContext [/]]
[DEBUG] 2024-10-21 18:04:48.875 [http-nio-8080-exec-8][LogFormatUtils.java] DispatcherServlet - GET "/resources/plugin/jquery-ui/jquery-ui.min.js", parameters={}
[DEBUG] 2024-10-21 18:04:48.875 [http-nio-8080-exec-10][LogFormatUtils.java] DispatcherServlet - GET "/resources/plugin/jquery/jquery.form.min.js", parameters={}
[DEBUG] 2024-10-21 18:04:48.875 [http-nio-8080-exec-8][AbstractHandlerMapping.java] SimpleUrlHandlerMapping - Mapped to ResourceHttpRequestHandler [URL [file:C:/wikidocs/local/], ServletContext [/]]
[DEBUG] 2024-10-21 18:04:48.875 [http-nio-8080-exec-1][FrameworkServlet.java] DispatcherServlet - Completed 200 OK
[DEBUG] 2024-10-21 18:04:48.876 [http-nio-8080-exec-5][LogFormatUtils.java] DispatcherServlet - GET "/resources/plugin/overlayScrollbars/js/jquery.overlayScrollbars.min.js", parameters={}
[DEBUG] 2024-10-21 18:04:48.876 [http-nio-8080-exec-10][AbstractHandlerMapping.java] SimpleUrlHandlerMapping - Mapped to ResourceHttpRequestHandler [URL [file:C:/wikidocs/local/], ServletContext [/]]
[DEBUG] 2024-10-21 18:04:48.876 [http-nio-8080-exec-5][AbstractHandlerMapping.java] SimpleUrlHandlerMapping - Mapped to ResourceHttpRequestHandler [URL [file:C:/wikidocs/local/], ServletContext [/]]
[DEBUG] 2024-10-21 18:04:48.876 [http-nio-8080-exec-1][LogFormatUtils.java] DispatcherServlet - GET "/resources/plugin/jquery-confirm/jquery-confirm.min.js", parameters={}
[DEBUG] 2024-10-21 18:04:48.876 [http-nio-8080-exec-6][FrameworkServlet.java] DispatcherServlet - Completed 200 OK
[DEBUG] 2024-10-21 18:04:48.876 [http-nio-8080-exec-1][AbstractHandlerMapping.java] SimpleUrlHandlerMapping - Mapped to ResourceHttpRequestHandler [URL [file:C:/wikidocs/local/], ServletContext [/]]
[DEBUG] 2024-10-21 18:04:48.877 [http-nio-8080-exec-5][FrameworkServlet.java] DispatcherServlet - Completed 200 OK
[DEBUG] 2024-10-21 18:04:48.877 [http-nio-8080-exec-10][FrameworkServlet.java] DispatcherServlet - Completed 200 OK
[DEBUG] 2024-10-21 18:04:48.877 [http-nio-8080-exec-1][FrameworkServlet.java] DispatcherServlet - Completed 200 OK
[DEBUG] 2024-10-21 18:04:48.877 [http-nio-8080-exec-8][FrameworkServlet.java] DispatcherServlet - Completed 200 OK
[DEBUG] 2024-10-21 18:04:48.879 [http-nio-8080-exec-2][LogFormatUtils.java] DispatcherServlet - GET "/resources/plugin/jquery-validation/jquery.validate.js", parameters={}
[DEBUG] 2024-10-21 18:04:48.879 [http-nio-8080-exec-2][AbstractHandlerMapping.java] SimpleUrlHandlerMapping - Mapped to ResourceHttpRequestHandler [URL [file:C:/wikidocs/local/], ServletContext [/]]
[DEBUG] 2024-10-21 18:04:48.879 [http-nio-8080-exec-4][LogFormatUtils.java] DispatcherServlet - GET "/resources/plugin/jquery-validation/additional-methods.min.js", parameters={}
[DEBUG] 2024-10-21 18:04:48.879 [http-nio-8080-exec-4][AbstractHandlerMapping.java] SimpleUrlHandlerMapping - Mapped to ResourceHttpRequestHandler [URL [file:C:/wikidocs/local/], ServletContext [/]]
[DEBUG] 2024-10-21 18:04:48.880 [http-nio-8080-exec-3][LogFormatUtils.java] DispatcherServlet - GET "/resources/vendor/bootstrap/js/bootstrap.bundle.min.js", parameters={}
[DEBUG] 2024-10-21 18:04:48.880 [http-nio-8080-exec-2][FrameworkServlet.java] DispatcherServlet - Completed 200 OK
[DEBUG] 2024-10-21 18:04:48.880 [http-nio-8080-exec-3][AbstractHandlerMapping.java] SimpleUrlHandlerMapping - Mapped to ResourceHttpRequestHandler [URL [file:C:/wikidocs/local/], ServletContext [/]]
[DEBUG] 2024-10-21 18:04:48.880 [http-nio-8080-exec-4][FrameworkServlet.java] DispatcherServlet - Completed 200 OK
[DEBUG] 2024-10-21 18:04:48.880 [http-nio-8080-exec-9][LogFormatUtils.java] DispatcherServlet - GET "/resources/plugin/moment/moment.min.js", parameters={}
[DEBUG] 2024-10-21 18:04:48.880 [http-nio-8080-exec-7][LogFormatUtils.java] DispatcherServlet - GET "/resources/plugin/axios/axios.min.js", parameters={}
[DEBUG] 2024-10-21 18:04:48.880 [http-nio-8080-exec-9][AbstractHandlerMapping.java] SimpleUrlHandlerMapping - Mapped to ResourceHttpRequestHandler [URL [file:C:/wikidocs/local/], ServletContext [/]]
[DEBUG] 2024-10-21 18:04:48.880 [http-nio-8080-exec-7][AbstractHandlerMapping.java] SimpleUrlHandlerMapping - Mapped to ResourceHttpRequestHandler [URL [file:C:/wikidocs/local/], ServletContext [/]]
[DEBUG] 2024-10-21 18:04:48.880 [http-nio-8080-exec-6][LogFormatUtils.java] DispatcherServlet - GET "/resources/plugin/moment/locale/ko.js", parameters={}
[DEBUG] 2024-10-21 18:04:48.881 [http-nio-8080-exec-6][AbstractHandlerMapping.java] SimpleUrlHandlerMapping - Mapped to ResourceHttpRequestHandler [URL [file:C:/wikidocs/local/], ServletContext [/]]
[DEBUG] 2024-10-21 18:04:48.881 [http-nio-8080-exec-7][FrameworkServlet.java] DispatcherServlet - Completed 200 OK
[DEBUG] 2024-10-21 18:04:48.881 [http-nio-8080-exec-3][FrameworkServlet.java] DispatcherServlet - Completed 200 OK
[DEBUG] 2024-10-21 18:04:48.882 [http-nio-8080-exec-9][FrameworkServlet.java] DispatcherServlet - Completed 200 OK
[DEBUG] 2024-10-21 18:04:48.882 [http-nio-8080-exec-6][FrameworkServlet.java] DispatcherServlet - Completed 200 OK
[DEBUG] 2024-10-21 18:04:48.882 [http-nio-8080-exec-5][LogFormatUtils.java] DispatcherServlet - GET "/resources/plugin/inputmask/jquery.inputmask.min.js", parameters={}
[DEBUG] 2024-10-21 18:04:48.882 [http-nio-8080-exec-5][AbstractHandlerMapping.java] SimpleUrlHandlerMapping - Mapped to ResourceHttpRequestHandler [URL [file:C:/wikidocs/local/], ServletContext [/]]
[DEBUG] 2024-10-21 18:04:48.882 [http-nio-8080-exec-10][LogFormatUtils.java] DispatcherServlet - GET "/resources/plugin/daterangepicker/daterangepicker.js", parameters={}
[DEBUG] 2024-10-21 18:04:48.883 [http-nio-8080-exec-10][AbstractHandlerMapping.java] SimpleUrlHandlerMapping - Mapped to ResourceHttpRequestHandler [URL [file:C:/wikidocs/local/], ServletContext [/]]
[DEBUG] 2024-10-21 18:04:48.884 [http-nio-8080-exec-1][LogFormatUtils.java] DispatcherServlet - GET "/resources/plugin/ag-grid/js/ag-grid.js", parameters={}
[DEBUG] 2024-10-21 18:04:48.884 [http-nio-8080-exec-5][FrameworkServlet.java] DispatcherServlet - Completed 200 OK
[DEBUG] 2024-10-21 18:04:48.884 [http-nio-8080-exec-1][AbstractHandlerMapping.java] SimpleUrlHandlerMapping - Mapped to ResourceHttpRequestHandler [URL [file:C:/wikidocs/local/], ServletContext [/]]
[DEBUG] 2024-10-21 18:04:48.884 [http-nio-8080-exec-10][FrameworkServlet.java] DispatcherServlet - Completed 200 OK
[DEBUG] 2024-10-21 18:04:48.884 [http-nio-8080-exec-8][LogFormatUtils.java] DispatcherServlet - GET "/resources/js/custom/custom.jquery.js", parameters={}
[DEBUG] 2024-10-21 18:04:48.885 [http-nio-8080-exec-8][AbstractHandlerMapping.java] SimpleUrlHandlerMapping - Mapped to ResourceHttpRequestHandler [URL [file:C:/wikidocs/local/], ServletContext [/]]
[DEBUG] 2024-10-21 18:04:48.885 [http-nio-8080-exec-2][LogFormatUtils.java] DispatcherServlet - GET "/resources/js/custom/custom.common.js", parameters={}
[DEBUG] 2024-10-21 18:04:48.885 [http-nio-8080-exec-4][LogFormatUtils.java] DispatcherServlet - GET "/resources/js/custom/custom.storage.js", parameters={}
[DEBUG] 2024-10-21 18:04:48.885 [http-nio-8080-exec-2][AbstractHandlerMapping.java] SimpleUrlHandlerMapping - Mapped to ResourceHttpRequestHandler [URL [file:C:/wikidocs/local/], ServletContext [/]]
[DEBUG] 2024-10-21 18:04:48.885 [http-nio-8080-exec-4][AbstractHandlerMapping.java] SimpleUrlHandlerMapping - Mapped to ResourceHttpRequestHandler [URL [file:C:/wikidocs/local/], ServletContext [/]]
[DEBUG] 2024-10-21 18:04:48.886 [http-nio-8080-exec-8][FrameworkServlet.java] DispatcherServlet - Completed 200 OK
[DEBUG] 2024-10-21 18:04:48.886 [http-nio-8080-exec-2][FrameworkServlet.java] DispatcherServlet - Completed 200 OK
[DEBUG] 2024-10-21 18:04:48.886 [http-nio-8080-exec-7][LogFormatUtils.java] DispatcherServlet - GET "/resources/js/custom/custom.util.js", parameters={}
[DEBUG] 2024-10-21 18:04:48.886 [http-nio-8080-exec-4][FrameworkServlet.java] DispatcherServlet - Completed 200 OK
[DEBUG] 2024-10-21 18:04:48.886 [http-nio-8080-exec-7][AbstractHandlerMapping.java] SimpleUrlHandlerMapping - Mapped to ResourceHttpRequestHandler [URL [file:C:/wikidocs/local/], ServletContext [/]]
[DEBUG] 2024-10-21 18:04:48.887 [http-nio-8080-exec-3][LogFormatUtils.java] DispatcherServlet - GET "/resources/js/custom/custom.grid.js", parameters={}
[DEBUG] 2024-10-21 18:04:48.887 [http-nio-8080-exec-3][AbstractHandlerMapping.java] SimpleUrlHandlerMapping - Mapped to ResourceHttpRequestHandler [URL [file:C:/wikidocs/local/], ServletContext [/]]
[DEBUG] 2024-10-21 18:04:48.887 [http-nio-8080-exec-7][FrameworkServlet.java] DispatcherServlet - Completed 200 OK
[DEBUG] 2024-10-21 18:04:48.888 [http-nio-8080-exec-3][FrameworkServlet.java] DispatcherServlet - Completed 200 OK
[DEBUG] 2024-10-21 18:04:48.888 [http-nio-8080-exec-9][LogFormatUtils.java] DispatcherServlet - GET "/resources/js/sb-admin-2.min.js", parameters={}
[DEBUG] 2024-10-21 18:04:48.888 [http-nio-8080-exec-9][AbstractHandlerMapping.java] SimpleUrlHandlerMapping - Mapped to ResourceHttpRequestHandler [URL [file:C:/wikidocs/local/], ServletContext [/]]
[DEBUG] 2024-10-21 18:04:48.888 [http-nio-8080-exec-6][LogFormatUtils.java] DispatcherServlet - GET "/resources/js/adminlte.js", parameters={}
[DEBUG] 2024-10-21 18:04:48.888 [http-nio-8080-exec-6][AbstractHandlerMapping.java] SimpleUrlHandlerMapping - Mapped to ResourceHttpRequestHandler [URL [file:C:/wikidocs/local/], ServletContext [/]]
[DEBUG] 2024-10-21 18:04:48.889 [http-nio-8080-exec-9][FrameworkServlet.java] DispatcherServlet - Completed 200 OK
[DEBUG] 2024-10-21 18:04:48.889 [http-nio-8080-exec-6][FrameworkServlet.java] DispatcherServlet - Completed 200 OK
[DEBUG] 2024-10-21 18:04:48.914 [http-nio-8080-exec-1][FrameworkServlet.java] DispatcherServlet - Completed 200 OK
[DEBUG] 2024-10-21 18:04:48.920 [http-nio-8080-exec-5][LogFormatUtils.java] DispatcherServlet - GET "/resources/plugin/fontawesome-free/webfonts/fa-solid-900.woff2", parameters={}
[DEBUG] 2024-10-21 18:04:48.920 [http-nio-8080-exec-5][AbstractHandlerMapping.java] SimpleUrlHandlerMapping - Mapped to ResourceHttpRequestHandler [URL [file:C:/wikidocs/local/], ServletContext [/]]
[DEBUG] 2024-10-21 18:04:48.922 [http-nio-8080-exec-5][FrameworkServlet.java] DispatcherServlet - Completed 200 OK
[DEBUG] 2024-10-21 18:04:53.979 [http-nio-8080-exec-10][LogFormatUtils.java] DispatcherServlet - GET "/auth/404", parameters={}
[DEBUG] 2024-10-21 18:04:53.979 [http-nio-8080-exec-10][AbstractHandlerMapping.java] RequestMappingHandlerMapping - Mapped to kr.wikidocs.mvc.auth.controller.AuthController#page(ModelAndView, HashMap)
[INFO ] 2024-10-21 18:04:53.979 [http-nio-8080-exec-10][CustomInterceptor.java] CustomInterceptor - preHandle.url ::: [/auth/404]
[DEBUG] 2024-10-21 18:04:53.979 [http-nio-8080-exec-10][CustomInterceptor.java] CustomInterceptor - noSession = null
[DEBUG] 2024-10-21 18:04:53.980 [http-nio-8080-exec-10][AuthController.java] AuthController - param: {}
[DEBUG] 2024-10-21 18:04:53.980 [http-nio-8080-exec-10][CustomInterceptor.java] CustomInterceptor - @@@ modelAndView: ModelAndView [view="auth/404"; model={modelAndView=ModelAndView [view=[null]; model={result={}}], org.springframework.validation.BindingResult.modelAndView=org.springframework.validation.BeanPropertyBindingResult: 0 errors, result={}, basePath=http://localhost:8080, cssPath=http://localhost:8080/resources/css, imgPath=http://localhost:8080/resources/img, jsPath=http://localhost:8080/resources/js, pluginPath=http://localhost:8080/resources/plugin, scssPath=http://localhost:8080/resources/scss, vendorPath=http://localhost:8080/resources/vendor}]
[DEBUG] 2024-10-21 18:04:53.981 [http-nio-8080-exec-10][ContentNegotiatingViewResolver.java] ContentNegotiatingViewResolver - Selected 'text/html' given [text/html, application/xhtml+xml, image/avif, image/webp, image/apng, application/xml;q=0.9, */*;q=0.8, application/signed-exchange;v=b3;q=0.7]
[WARN ] 2024-10-21 18:04:53.989 [http-nio-8080-exec-10][AbstractStandardFragmentInsertionTagProcessor.java] AbstractStandardFragmentInsertionTagProcessor - [THYMELEAF][http-nio-8080-exec-10][../common/layout] Deprecated unwrapped fragment expression "../common/fragment/head :: headFragment" found in template ../common/layout, line 7, col 11. Please use the complete syntax of fragment expressions instead ("~{../common/fragment/head :: headFragment}"). The old, unwrapped syntax for fragment expressions will be removed in future versions of Thymeleaf.
[WARN ] 2024-10-21 18:04:53.991 [http-nio-8080-exec-10][AbstractStandardFragmentInsertionTagProcessor.java] AbstractStandardFragmentInsertionTagProcessor - [THYMELEAF][http-nio-8080-exec-10][../common/layout] Deprecated unwrapped fragment expression "../common/fragment/sidebar :: sidebarFragment" found in template ../common/layout, line 13, col 19. Please use the complete syntax of fragment expressions instead ("~{../common/fragment/sidebar :: sidebarFragment}"). The old, unwrapped syntax for fragment expressions will be removed in future versions of Thymeleaf.
[WARN ] 2024-10-21 18:04:53.993 [http-nio-8080-exec-10][AbstractStandardFragmentInsertionTagProcessor.java] AbstractStandardFragmentInsertionTagProcessor - [THYMELEAF][http-nio-8080-exec-10][../common/layout] Deprecated unwrapped fragment expression "../common/fragment/top :: topbarFragment" found in template ../common/layout, line 18, col 27. Please use the complete syntax of fragment expressions instead ("~{../common/fragment/top :: topbarFragment}"). The old, unwrapped syntax for fragment expressions will be removed in future versions of Thymeleaf.
[WARN ] 2024-10-21 18:04:53.995 [http-nio-8080-exec-10][AbstractStandardFragmentInsertionTagProcessor.java] AbstractStandardFragmentInsertionTagProcessor - [THYMELEAF][http-nio-8080-exec-10][../common/layout] Deprecated unwrapped fragment expression "../common/fragment/footer :: footerFragment" found in template ../common/layout, line 25, col 23. Please use the complete syntax of fragment expressions instead ("~{../common/fragment/footer :: footerFragment}"). The old, unwrapped syntax for fragment expressions will be removed in future versions of Thymeleaf.
[WARN ] 2024-10-21 18:04:53.998 [http-nio-8080-exec-10][AbstractStandardFragmentInsertionTagProcessor.java] AbstractStandardFragmentInsertionTagProcessor - [THYMELEAF][http-nio-8080-exec-10][../common/layout] Deprecated unwrapped fragment expression "../common/fragment/script :: scriptFragment" found in template ../common/layout, line 30, col 15. Please use the complete syntax of fragment expressions instead ("~{../common/fragment/script :: scriptFragment}"). The old, unwrapped syntax for fragment expressions will be removed in future versions of Thymeleaf.
[DEBUG] 2024-10-21 18:04:53.999 [http-nio-8080-exec-10][FrameworkServlet.java] DispatcherServlet - Completed 200 OK
[DEBUG] 2024-10-21 18:04:54.009 [http-nio-8080-exec-8][LogFormatUtils.java] DispatcherServlet - GET "/resources/plugin/icheck-bootstrap/icheck-bootstrap.min.css", parameters={}
[DEBUG] 2024-10-21 18:04:54.009 [http-nio-8080-exec-8][AbstractHandlerMapping.java] SimpleUrlHandlerMapping - Mapped to ResourceHttpRequestHandler [URL [file:C:/wikidocs/local/], ServletContext [/]]
[DEBUG] 2024-10-21 18:04:54.011 [http-nio-8080-exec-8][FrameworkServlet.java] DispatcherServlet - Completed 200 OK
[DEBUG] 2024-10-21 18:04:54.016 [http-nio-8080-exec-2][LogFormatUtils.java] DispatcherServlet - GET "/resources/plugin/overlayScrollbars/css/OverlayScrollbars.min.css", parameters={}
[DEBUG] 2024-10-21 18:04:54.016 [http-nio-8080-exec-4][LogFormatUtils.java] DispatcherServlet - GET "/resources/plugin/jquery-confirm/jquery-confirm.min.css", parameters={}
[DEBUG] 2024-10-21 18:04:54.016 [http-nio-8080-exec-2][AbstractHandlerMapping.java] SimpleUrlHandlerMapping - Mapped to ResourceHttpRequestHandler [URL [file:C:/wikidocs/local/], ServletContext [/]]
[DEBUG] 2024-10-21 18:04:54.016 [http-nio-8080-exec-4][AbstractHandlerMapping.java] SimpleUrlHandlerMapping - Mapped to ResourceHttpRequestHandler [URL [file:C:/wikidocs/local/], ServletContext [/]]
[DEBUG] 2024-10-21 18:04:54.016 [http-nio-8080-exec-7][LogFormatUtils.java] DispatcherServlet - GET "/resources/plugin/daterangepicker/daterangepicker.css", parameters={}
[DEBUG] 2024-10-21 18:04:54.016 [http-nio-8080-exec-7][AbstractHandlerMapping.java] SimpleUrlHandlerMapping - Mapped to ResourceHttpRequestHandler [URL [file:C:/wikidocs/local/], ServletContext [/]]
[DEBUG] 2024-10-21 18:04:54.017 [http-nio-8080-exec-3][LogFormatUtils.java] DispatcherServlet - GET "/resources/plugin/tempusdominus-bootstrap-4/css/tempusdominus-bootstrap-4.min.css", parameters={}
[DEBUG] 2024-10-21 18:04:54.017 [http-nio-8080-exec-9][LogFormatUtils.java] DispatcherServlet - GET "/resources/plugin/fontawesome-free/css/all.min.css", parameters={}
[DEBUG] 2024-10-21 18:04:54.017 [http-nio-8080-exec-3][AbstractHandlerMapping.java] SimpleUrlHandlerMapping - Mapped to ResourceHttpRequestHandler [URL [file:C:/wikidocs/local/], ServletContext [/]]
[DEBUG] 2024-10-21 18:04:54.017 [http-nio-8080-exec-9][AbstractHandlerMapping.java] SimpleUrlHandlerMapping - Mapped to ResourceHttpRequestHandler [URL [file:C:/wikidocs/local/], ServletContext [/]]
[DEBUG] 2024-10-21 18:04:54.017 [http-nio-8080-exec-6][LogFormatUtils.java] DispatcherServlet - GET "/resources/css/custom/custom.css", parameters={}
[DEBUG] 2024-10-21 18:04:54.017 [http-nio-8080-exec-6][AbstractHandlerMapping.java] SimpleUrlHandlerMapping - Mapped to ResourceHttpRequestHandler [URL [file:C:/wikidocs/local/], ServletContext [/]]
[DEBUG] 2024-10-21 18:04:54.019 [http-nio-8080-exec-4][FrameworkServlet.java] DispatcherServlet - Completed 200 OK
[DEBUG] 2024-10-21 18:04:54.019 [http-nio-8080-exec-2][FrameworkServlet.java] DispatcherServlet - Completed 200 OK
[DEBUG] 2024-10-21 18:04:54.019 [http-nio-8080-exec-3][FrameworkServlet.java] DispatcherServlet - Completed 200 OK
[DEBUG] 2024-10-21 18:04:54.019 [http-nio-8080-exec-6][FrameworkServlet.java] DispatcherServlet - Completed 200 OK
[DEBUG] 2024-10-21 18:04:54.020 [http-nio-8080-exec-7][FrameworkServlet.java] DispatcherServlet - Completed 200 OK
[DEBUG] 2024-10-21 18:04:54.020 [http-nio-8080-exec-9][FrameworkServlet.java] DispatcherServlet - Completed 200 OK
[DEBUG] 2024-10-21 18:04:54.021 [http-nio-8080-exec-1][LogFormatUtils.java] DispatcherServlet - GET "/resources/css/sb-admin-2.min.css", parameters={}
[DEBUG] 2024-10-21 18:04:54.021 [http-nio-8080-exec-5][LogFormatUtils.java] DispatcherServlet - GET "/resources/css/adminlte.css", parameters={}
[DEBUG] 2024-10-21 18:04:54.021 [http-nio-8080-exec-10][LogFormatUtils.java] DispatcherServlet - GET "/resources/css/battery.css", parameters={}
[DEBUG] 2024-10-21 18:04:54.021 [http-nio-8080-exec-10][AbstractHandlerMapping.java] SimpleUrlHandlerMapping - Mapped to ResourceHttpRequestHandler [URL [file:C:/wikidocs/local/], ServletContext [/]]
[DEBUG] 2024-10-21 18:04:54.021 [http-nio-8080-exec-5][AbstractHandlerMapping.java] SimpleUrlHandlerMapping - Mapped to ResourceHttpRequestHandler [URL [file:C:/wikidocs/local/], ServletContext [/]]
[DEBUG] 2024-10-21 18:04:54.021 [http-nio-8080-exec-1][AbstractHandlerMapping.java] SimpleUrlHandlerMapping - Mapped to ResourceHttpRequestHandler [URL [file:C:/wikidocs/local/], ServletContext [/]]
[DEBUG] 2024-10-21 18:04:54.021 [http-nio-8080-exec-2][LogFormatUtils.java] DispatcherServlet - GET "/resources/css/orbit.css", parameters={}
[DEBUG] 2024-10-21 18:04:54.021 [http-nio-8080-exec-8][LogFormatUtils.java] DispatcherServlet - GET "/resources/css/fly-by.css", parameters={}
[DEBUG] 2024-10-21 18:04:54.021 [http-nio-8080-exec-2][AbstractHandlerMapping.java] SimpleUrlHandlerMapping - Mapped to ResourceHttpRequestHandler [URL [file:C:/wikidocs/local/], ServletContext [/]]
[DEBUG] 2024-10-21 18:04:54.021 [http-nio-8080-exec-8][AbstractHandlerMapping.java] SimpleUrlHandlerMapping - Mapped to ResourceHttpRequestHandler [URL [file:C:/wikidocs/local/], ServletContext [/]]
[DEBUG] 2024-10-21 18:04:54.021 [http-nio-8080-exec-4][LogFormatUtils.java] DispatcherServlet - GET "/resources/css/rainbow.css", parameters={}
[DEBUG] 2024-10-21 18:04:54.022 [http-nio-8080-exec-4][AbstractHandlerMapping.java] SimpleUrlHandlerMapping - Mapped to ResourceHttpRequestHandler [URL [file:C:/wikidocs/local/], ServletContext [/]]
[DEBUG] 2024-10-21 18:04:54.025 [http-nio-8080-exec-10][FrameworkServlet.java] DispatcherServlet - Completed 200 OK
[DEBUG] 2024-10-21 18:04:54.025 [http-nio-8080-exec-4][FrameworkServlet.java] DispatcherServlet - Completed 200 OK
[DEBUG] 2024-10-21 18:04:54.026 [http-nio-8080-exec-1][FrameworkServlet.java] DispatcherServlet - Completed 200 OK
[DEBUG] 2024-10-21 18:04:54.026 [http-nio-8080-exec-8][FrameworkServlet.java] DispatcherServlet - Completed 200 OK
[DEBUG] 2024-10-21 18:04:54.027 [http-nio-8080-exec-2][FrameworkServlet.java] DispatcherServlet - Completed 200 OK
[DEBUG] 2024-10-21 18:04:54.028 [http-nio-8080-exec-6][LogFormatUtils.java] DispatcherServlet - GET "/resources/img/undraw_profile_2.svg", parameters={}
[DEBUG] 2024-10-21 18:04:54.028 [http-nio-8080-exec-3][LogFormatUtils.java] DispatcherServlet - GET "/resources/img/undraw_profile_1.svg", parameters={}
[DEBUG] 2024-10-21 18:04:54.028 [http-nio-8080-exec-3][AbstractHandlerMapping.java] SimpleUrlHandlerMapping - Mapped to ResourceHttpRequestHandler [URL [file:C:/wikidocs/local/], ServletContext [/]]
[DEBUG] 2024-10-21 18:04:54.028 [http-nio-8080-exec-6][AbstractHandlerMapping.java] SimpleUrlHandlerMapping - Mapped to ResourceHttpRequestHandler [URL [file:C:/wikidocs/local/], ServletContext [/]]
[DEBUG] 2024-10-21 18:04:54.031 [http-nio-8080-exec-3][FrameworkServlet.java] DispatcherServlet - Completed 200 OK
[DEBUG] 2024-10-21 18:04:54.032 [http-nio-8080-exec-6][FrameworkServlet.java] DispatcherServlet - Completed 200 OK
[DEBUG] 2024-10-21 18:04:54.033 [http-nio-8080-exec-5][FrameworkServlet.java] DispatcherServlet - Completed 200 OK
[DEBUG] 2024-10-21 18:04:54.060 [http-nio-8080-exec-7][LogFormatUtils.java] DispatcherServlet - GET "/resources/img/undraw_profile_3.svg", parameters={}
[DEBUG] 2024-10-21 18:04:54.061 [http-nio-8080-exec-7][AbstractHandlerMapping.java] SimpleUrlHandlerMapping - Mapped to ResourceHttpRequestHandler [URL [file:C:/wikidocs/local/], ServletContext [/]]
[DEBUG] 2024-10-21 18:04:54.064 [http-nio-8080-exec-7][FrameworkServlet.java] DispatcherServlet - Completed 200 OK
[DEBUG] 2024-10-21 18:04:54.064 [http-nio-8080-exec-9][LogFormatUtils.java] DispatcherServlet - GET "/resources/img/undraw_profile.svg", parameters={}
[DEBUG] 2024-10-21 18:04:54.065 [http-nio-8080-exec-9][AbstractHandlerMapping.java] SimpleUrlHandlerMapping - Mapped to ResourceHttpRequestHandler [URL [file:C:/wikidocs/local/], ServletContext [/]]
[DEBUG] 2024-10-21 18:04:54.065 [http-nio-8080-exec-10][LogFormatUtils.java] DispatcherServlet - GET "/resources/plugin/jquery/jquery.min.js", parameters={}
[DEBUG] 2024-10-21 18:04:54.065 [http-nio-8080-exec-10][AbstractHandlerMapping.java] SimpleUrlHandlerMapping - Mapped to ResourceHttpRequestHandler [URL [file:C:/wikidocs/local/], ServletContext [/]]
[DEBUG] 2024-10-21 18:04:54.065 [http-nio-8080-exec-4][LogFormatUtils.java] DispatcherServlet - GET "/resources/plugin/jquery-ui/jquery-ui.min.js", parameters={}
[DEBUG] 2024-10-21 18:04:54.066 [http-nio-8080-exec-4][AbstractHandlerMapping.java] SimpleUrlHandlerMapping - Mapped to ResourceHttpRequestHandler [URL [file:C:/wikidocs/local/], ServletContext [/]]
[DEBUG] 2024-10-21 18:04:54.066 [http-nio-8080-exec-1][LogFormatUtils.java] DispatcherServlet - GET "/resources/plugin/jquery/jquery.form.min.js", parameters={}
[DEBUG] 2024-10-21 18:04:54.066 [http-nio-8080-exec-1][AbstractHandlerMapping.java] SimpleUrlHandlerMapping - Mapped to ResourceHttpRequestHandler [URL [file:C:/wikidocs/local/], ServletContext [/]]
[DEBUG] 2024-10-21 18:04:54.066 [http-nio-8080-exec-8][LogFormatUtils.java] DispatcherServlet - GET "/resources/plugin/overlayScrollbars/js/jquery.overlayScrollbars.min.js", parameters={}
[DEBUG] 2024-10-21 18:04:54.066 [http-nio-8080-exec-8][AbstractHandlerMapping.java] SimpleUrlHandlerMapping - Mapped to ResourceHttpRequestHandler [URL [file:C:/wikidocs/local/], ServletContext [/]]
[DEBUG] 2024-10-21 18:04:54.067 [http-nio-8080-exec-9][FrameworkServlet.java] DispatcherServlet - Completed 200 OK
[DEBUG] 2024-10-21 18:04:54.067 [http-nio-8080-exec-2][LogFormatUtils.java] DispatcherServlet - GET "/resources/plugin/jquery-confirm/jquery-confirm.min.js", parameters={}
[DEBUG] 2024-10-21 18:04:54.068 [http-nio-8080-exec-2][AbstractHandlerMapping.java] SimpleUrlHandlerMapping - Mapped to ResourceHttpRequestHandler [URL [file:C:/wikidocs/local/], ServletContext [/]]
[DEBUG] 2024-10-21 18:04:54.068 [http-nio-8080-exec-10][FrameworkServlet.java] DispatcherServlet - Completed 200 OK
[DEBUG] 2024-10-21 18:04:54.069 [http-nio-8080-exec-1][FrameworkServlet.java] DispatcherServlet - Completed 200 OK
[DEBUG] 2024-10-21 18:04:54.070 [http-nio-8080-exec-8][FrameworkServlet.java] DispatcherServlet - Completed 200 OK
[DEBUG] 2024-10-21 18:04:54.070 [http-nio-8080-exec-3][LogFormatUtils.java] DispatcherServlet - GET "/resources/plugin/jquery-validation/jquery.validate.js", parameters={}
[DEBUG] 2024-10-21 18:04:54.070 [http-nio-8080-exec-3][AbstractHandlerMapping.java] SimpleUrlHandlerMapping - Mapped to ResourceHttpRequestHandler [URL [file:C:/wikidocs/local/], ServletContext [/]]
[DEBUG] 2024-10-21 18:04:54.070 [http-nio-8080-exec-2][FrameworkServlet.java] DispatcherServlet - Completed 200 OK
[DEBUG] 2024-10-21 18:04:54.070 [http-nio-8080-exec-6][LogFormatUtils.java] DispatcherServlet - GET "/resources/plugin/jquery-validation/additional-methods.min.js", parameters={}
[DEBUG] 2024-10-21 18:04:54.070 [http-nio-8080-exec-6][AbstractHandlerMapping.java] SimpleUrlHandlerMapping - Mapped to ResourceHttpRequestHandler [URL [file:C:/wikidocs/local/], ServletContext [/]]
[DEBUG] 2024-10-21 18:04:54.070 [http-nio-8080-exec-5][LogFormatUtils.java] DispatcherServlet - GET "/resources/vendor/bootstrap/js/bootstrap.bundle.min.js", parameters={}
[DEBUG] 2024-10-21 18:04:54.070 [http-nio-8080-exec-5][AbstractHandlerMapping.java] SimpleUrlHandlerMapping - Mapped to ResourceHttpRequestHandler [URL [file:C:/wikidocs/local/], ServletContext [/]]
[DEBUG] 2024-10-21 18:04:54.070 [http-nio-8080-exec-4][FrameworkServlet.java] DispatcherServlet - Completed 200 OK
[DEBUG] 2024-10-21 18:04:54.071 [http-nio-8080-exec-7][LogFormatUtils.java] DispatcherServlet - GET "/resources/plugin/axios/axios.min.js", parameters={}
[DEBUG] 2024-10-21 18:04:54.071 [http-nio-8080-exec-7][AbstractHandlerMapping.java] SimpleUrlHandlerMapping - Mapped to ResourceHttpRequestHandler [URL [file:C:/wikidocs/local/], ServletContext [/]]
[DEBUG] 2024-10-21 18:04:54.071 [http-nio-8080-exec-9][LogFormatUtils.java] DispatcherServlet - GET "/resources/plugin/moment/moment.min.js", parameters={}
[DEBUG] 2024-10-21 18:04:54.072 [http-nio-8080-exec-9][AbstractHandlerMapping.java] SimpleUrlHandlerMapping - Mapped to ResourceHttpRequestHandler [URL [file:C:/wikidocs/local/], ServletContext [/]]
[DEBUG] 2024-10-21 18:04:54.072 [http-nio-8080-exec-10][LogFormatUtils.java] DispatcherServlet - GET "/resources/plugin/moment/locale/ko.js", parameters={}
[DEBUG] 2024-10-21 18:04:54.072 [http-nio-8080-exec-10][AbstractHandlerMapping.java] SimpleUrlHandlerMapping - Mapped to ResourceHttpRequestHandler [URL [file:C:/wikidocs/local/], ServletContext [/]]
[DEBUG] 2024-10-21 18:04:54.072 [http-nio-8080-exec-3][FrameworkServlet.java] DispatcherServlet - Completed 200 OK
[DEBUG] 2024-10-21 18:04:54.072 [http-nio-8080-exec-6][FrameworkServlet.java] DispatcherServlet - Completed 200 OK
[DEBUG] 2024-10-21 18:04:54.073 [http-nio-8080-exec-5][FrameworkServlet.java] DispatcherServlet - Completed 200 OK
[DEBUG] 2024-10-21 18:04:54.074 [http-nio-8080-exec-1][LogFormatUtils.java] DispatcherServlet - GET "/resources/plugin/inputmask/jquery.inputmask.min.js", parameters={}
[DEBUG] 2024-10-21 18:04:54.074 [http-nio-8080-exec-1][AbstractHandlerMapping.java] SimpleUrlHandlerMapping - Mapped to ResourceHttpRequestHandler [URL [file:C:/wikidocs/local/], ServletContext [/]]
[DEBUG] 2024-10-21 18:04:54.074 [http-nio-8080-exec-8][LogFormatUtils.java] DispatcherServlet - GET "/resources/plugin/daterangepicker/daterangepicker.js", parameters={}
[DEBUG] 2024-10-21 18:04:54.074 [http-nio-8080-exec-9][FrameworkServlet.java] DispatcherServlet - Completed 200 OK
[DEBUG] 2024-10-21 18:04:54.074 [http-nio-8080-exec-7][FrameworkServlet.java] DispatcherServlet - Completed 200 OK
[DEBUG] 2024-10-21 18:04:54.074 [http-nio-8080-exec-10][FrameworkServlet.java] DispatcherServlet - Completed 200 OK
[DEBUG] 2024-10-21 18:04:54.074 [http-nio-8080-exec-8][AbstractHandlerMapping.java] SimpleUrlHandlerMapping - Mapped to ResourceHttpRequestHandler [URL [file:C:/wikidocs/local/], ServletContext [/]]
[DEBUG] 2024-10-21 18:04:54.074 [http-nio-8080-exec-2][LogFormatUtils.java] DispatcherServlet - GET "/resources/plugin/ag-grid/js/ag-grid.js", parameters={}
[DEBUG] 2024-10-21 18:04:54.075 [http-nio-8080-exec-2][AbstractHandlerMapping.java] SimpleUrlHandlerMapping - Mapped to ResourceHttpRequestHandler [URL [file:C:/wikidocs/local/], ServletContext [/]]
[DEBUG] 2024-10-21 18:04:54.076 [http-nio-8080-exec-4][LogFormatUtils.java] DispatcherServlet - GET "/resources/js/custom/custom.jquery.js", parameters={}
[DEBUG] 2024-10-21 18:04:54.076 [http-nio-8080-exec-4][AbstractHandlerMapping.java] SimpleUrlHandlerMapping - Mapped to ResourceHttpRequestHandler [URL [file:C:/wikidocs/local/], ServletContext [/]]
[DEBUG] 2024-10-21 18:04:54.076 [http-nio-8080-exec-3][LogFormatUtils.java] DispatcherServlet - GET "/resources/js/custom/custom.common.js", parameters={}
[DEBUG] 2024-10-21 18:04:54.076 [http-nio-8080-exec-6][LogFormatUtils.java] DispatcherServlet - GET "/resources/js/custom/custom.storage.js", parameters={}
[DEBUG] 2024-10-21 18:04:54.076 [http-nio-8080-exec-3][AbstractHandlerMapping.java] SimpleUrlHandlerMapping - Mapped to ResourceHttpRequestHandler [URL [file:C:/wikidocs/local/], ServletContext [/]]
[DEBUG] 2024-10-21 18:04:54.076 [http-nio-8080-exec-6][AbstractHandlerMapping.java] SimpleUrlHandlerMapping - Mapped to ResourceHttpRequestHandler [URL [file:C:/wikidocs/local/], ServletContext [/]]
[DEBUG] 2024-10-21 18:04:54.078 [http-nio-8080-exec-1][FrameworkServlet.java] DispatcherServlet - Completed 200 OK
[DEBUG] 2024-10-21 18:04:54.079 [http-nio-8080-exec-8][FrameworkServlet.java] DispatcherServlet - Completed 200 OK
[DEBUG] 2024-10-21 18:04:54.079 [http-nio-8080-exec-3][FrameworkServlet.java] DispatcherServlet - Completed 200 OK
[DEBUG] 2024-10-21 18:04:54.079 [http-nio-8080-exec-4][FrameworkServlet.java] DispatcherServlet - Completed 200 OK
[DEBUG] 2024-10-21 18:04:54.080 [http-nio-8080-exec-6][FrameworkServlet.java] DispatcherServlet - Completed 200 OK
[DEBUG] 2024-10-21 18:04:54.080 [http-nio-8080-exec-5][LogFormatUtils.java] DispatcherServlet - GET "/resources/js/custom/custom.util.js", parameters={}
[DEBUG] 2024-10-21 18:04:54.080 [http-nio-8080-exec-9][LogFormatUtils.java] DispatcherServlet - GET "/resources/js/custom/custom.grid.js", parameters={}
[DEBUG] 2024-10-21 18:04:54.080 [http-nio-8080-exec-9][AbstractHandlerMapping.java] SimpleUrlHandlerMapping - Mapped to ResourceHttpRequestHandler [URL [file:C:/wikidocs/local/], ServletContext [/]]
[DEBUG] 2024-10-21 18:04:54.080 [http-nio-8080-exec-5][AbstractHandlerMapping.java] SimpleUrlHandlerMapping - Mapped to ResourceHttpRequestHandler [URL [file:C:/wikidocs/local/], ServletContext [/]]
[DEBUG] 2024-10-21 18:04:54.081 [http-nio-8080-exec-10][LogFormatUtils.java] DispatcherServlet - GET "/resources/js/adminlte.js", parameters={}
[DEBUG] 2024-10-21 18:04:54.081 [http-nio-8080-exec-7][LogFormatUtils.java] DispatcherServlet - GET "/resources/js/sb-admin-2.min.js", parameters={}
[DEBUG] 2024-10-21 18:04:54.081 [http-nio-8080-exec-7][AbstractHandlerMapping.java] SimpleUrlHandlerMapping - Mapped to ResourceHttpRequestHandler [URL [file:C:/wikidocs/local/], ServletContext [/]]
[DEBUG] 2024-10-21 18:04:54.081 [http-nio-8080-exec-10][AbstractHandlerMapping.java] SimpleUrlHandlerMapping - Mapped to ResourceHttpRequestHandler [URL [file:C:/wikidocs/local/], ServletContext [/]]
[DEBUG] 2024-10-21 18:04:54.082 [http-nio-8080-exec-5][FrameworkServlet.java] DispatcherServlet - Completed 200 OK
[DEBUG] 2024-10-21 18:04:54.082 [http-nio-8080-exec-9][FrameworkServlet.java] DispatcherServlet - Completed 200 OK
[DEBUG] 2024-10-21 18:04:54.084 [http-nio-8080-exec-7][FrameworkServlet.java] DispatcherServlet - Completed 200 OK
[DEBUG] 2024-10-21 18:04:54.084 [http-nio-8080-exec-10][FrameworkServlet.java] DispatcherServlet - Completed 200 OK
[DEBUG] 2024-10-21 18:04:54.104 [http-nio-8080-exec-1][LogFormatUtils.java] DispatcherServlet - GET "/resources/plugin/fontawesome-free/webfonts/fa-solid-900.woff2", parameters={}
[DEBUG] 2024-10-21 18:04:54.104 [http-nio-8080-exec-1][AbstractHandlerMapping.java] SimpleUrlHandlerMapping - Mapped to ResourceHttpRequestHandler [URL [file:C:/wikidocs/local/], ServletContext [/]]
[DEBUG] 2024-10-21 18:04:54.107 [http-nio-8080-exec-1][FrameworkServlet.java] DispatcherServlet - Completed 200 OK
[DEBUG] 2024-10-21 18:04:54.123 [http-nio-8080-exec-2][FrameworkServlet.java] DispatcherServlet - Completed 200 OK
[DEBUG] 2024-10-21 18:04:56.553 [http-nio-8080-exec-8][LogFormatUtils.java] DispatcherServlet - GET "/auth/buttons", parameters={}
[DEBUG] 2024-10-21 18:04:56.553 [http-nio-8080-exec-8][AbstractHandlerMapping.java] RequestMappingHandlerMapping - Mapped to kr.wikidocs.mvc.auth.controller.AuthController#page(ModelAndView, HashMap)
[INFO ] 2024-10-21 18:04:56.553 [http-nio-8080-exec-8][CustomInterceptor.java] CustomInterceptor - preHandle.url ::: [/auth/buttons]
[DEBUG] 2024-10-21 18:04:56.554 [http-nio-8080-exec-8][CustomInterceptor.java] CustomInterceptor - noSession = null
[DEBUG] 2024-10-21 18:04:56.554 [http-nio-8080-exec-8][AuthController.java] AuthController - param: {}
[DEBUG] 2024-10-21 18:04:56.554 [http-nio-8080-exec-8][CustomInterceptor.java] CustomInterceptor - @@@ modelAndView: ModelAndView [view="auth/buttons"; model={modelAndView=ModelAndView [view=[null]; model={result={}}], org.springframework.validation.BindingResult.modelAndView=org.springframework.validation.BeanPropertyBindingResult: 0 errors, result={}, basePath=http://localhost:8080, cssPath=http://localhost:8080/resources/css, imgPath=http://localhost:8080/resources/img, jsPath=http://localhost:8080/resources/js, pluginPath=http://localhost:8080/resources/plugin, scssPath=http://localhost:8080/resources/scss, vendorPath=http://localhost:8080/resources/vendor}]
[DEBUG] 2024-10-21 18:04:56.555 [http-nio-8080-exec-8][ContentNegotiatingViewResolver.java] ContentNegotiatingViewResolver - Selected 'text/html' given [text/html, application/xhtml+xml, image/avif, image/webp, image/apng, application/xml;q=0.9, */*;q=0.8, application/signed-exchange;v=b3;q=0.7]
[WARN ] 2024-10-21 18:04:56.567 [http-nio-8080-exec-8][AbstractStandardFragmentInsertionTagProcessor.java] AbstractStandardFragmentInsertionTagProcessor - [THYMELEAF][http-nio-8080-exec-8][../common/layout] Deprecated unwrapped fragment expression "../common/fragment/head :: headFragment" found in template ../common/layout, line 7, col 11. Please use the complete syntax of fragment expressions instead ("~{../common/fragment/head :: headFragment}"). The old, unwrapped syntax for fragment expressions will be removed in future versions of Thymeleaf.
[WARN ] 2024-10-21 18:04:56.567 [http-nio-8080-exec-8][AbstractStandardFragmentInsertionTagProcessor.java] AbstractStandardFragmentInsertionTagProcessor - [THYMELEAF][http-nio-8080-exec-8][../common/layout] Deprecated unwrapped fragment expression "../common/fragment/sidebar :: sidebarFragment" found in template ../common/layout, line 13, col 19. Please use the complete syntax of fragment expressions instead ("~{../common/fragment/sidebar :: sidebarFragment}"). The old, unwrapped syntax for fragment expressions will be removed in future versions of Thymeleaf.
[WARN ] 2024-10-21 18:04:56.568 [http-nio-8080-exec-8][AbstractStandardFragmentInsertionTagProcessor.java] AbstractStandardFragmentInsertionTagProcessor - [THYMELEAF][http-nio-8080-exec-8][../common/layout] Deprecated unwrapped fragment expression "../common/fragment/top :: topbarFragment" found in template ../common/layout, line 18, col 27. Please use the complete syntax of fragment expressions instead ("~{../common/fragment/top :: topbarFragment}"). The old, unwrapped syntax for fragment expressions will be removed in future versions of Thymeleaf.
[WARN ] 2024-10-21 18:04:56.571 [http-nio-8080-exec-8][AbstractStandardFragmentInsertionTagProcessor.java] AbstractStandardFragmentInsertionTagProcessor - [THYMELEAF][http-nio-8080-exec-8][../common/layout] Deprecated unwrapped fragment expression "../common/fragment/footer :: footerFragment" found in template ../common/layout, line 25, col 23. Please use the complete syntax of fragment expressions instead ("~{../common/fragment/footer :: footerFragment}"). The old, unwrapped syntax for fragment expressions will be removed in future versions of Thymeleaf.
[WARN ] 2024-10-21 18:04:56.571 [http-nio-8080-exec-8][AbstractStandardFragmentInsertionTagProcessor.java] AbstractStandardFragmentInsertionTagProcessor - [THYMELEAF][http-nio-8080-exec-8][../common/layout] Deprecated unwrapped fragment expression "../common/fragment/script :: scriptFragment" found in template ../common/layout, line 30, col 15. Please use the complete syntax of fragment expressions instead ("~{../common/fragment/script :: scriptFragment}"). The old, unwrapped syntax for fragment expressions will be removed in future versions of Thymeleaf.
[DEBUG] 2024-10-21 18:04:56.572 [http-nio-8080-exec-8][FrameworkServlet.java] DispatcherServlet - Completed 200 OK
[DEBUG] 2024-10-21 18:04:56.596 [http-nio-8080-exec-3][LogFormatUtils.java] DispatcherServlet - GET "/resources/plugin/icheck-bootstrap/icheck-bootstrap.min.css", parameters={}
[DEBUG] 2024-10-21 18:04:56.596 [http-nio-8080-exec-4][LogFormatUtils.java] DispatcherServlet - GET "/resources/plugin/overlayScrollbars/css/OverlayScrollbars.min.css", parameters={}
[DEBUG] 2024-10-21 18:04:56.596 [http-nio-8080-exec-3][AbstractHandlerMapping.java] SimpleUrlHandlerMapping - Mapped to ResourceHttpRequestHandler [URL [file:C:/wikidocs/local/], ServletContext [/]]
[DEBUG] 2024-10-21 18:04:56.596 [http-nio-8080-exec-4][AbstractHandlerMapping.java] SimpleUrlHandlerMapping - Mapped to ResourceHttpRequestHandler [URL [file:C:/wikidocs/local/], ServletContext [/]]
[DEBUG] 2024-10-21 18:04:56.598 [http-nio-8080-exec-6][LogFormatUtils.java] DispatcherServlet - GET "/resources/plugin/jquery-confirm/jquery-confirm.min.css", parameters={}
[DEBUG] 2024-10-21 18:04:56.598 [http-nio-8080-exec-6][AbstractHandlerMapping.java] SimpleUrlHandlerMapping - Mapped to ResourceHttpRequestHandler [URL [file:C:/wikidocs/local/], ServletContext [/]]
[DEBUG] 2024-10-21 18:04:56.598 [http-nio-8080-exec-9][LogFormatUtils.java] DispatcherServlet - GET "/resources/plugin/tempusdominus-bootstrap-4/css/tempusdominus-bootstrap-4.min.css", parameters={}
[DEBUG] 2024-10-21 18:04:56.598 [http-nio-8080-exec-3][FrameworkServlet.java] DispatcherServlet - Completed 200 OK
[DEBUG] 2024-10-21 18:04:56.598 [http-nio-8080-exec-9][AbstractHandlerMapping.java] SimpleUrlHandlerMapping - Mapped to ResourceHttpRequestHandler [URL [file:C:/wikidocs/local/], ServletContext [/]]
[DEBUG] 2024-10-21 18:04:56.598 [http-nio-8080-exec-5][LogFormatUtils.java] DispatcherServlet - GET "/resources/plugin/daterangepicker/daterangepicker.css", parameters={}
[DEBUG] 2024-10-21 18:04:56.599 [http-nio-8080-exec-4][FrameworkServlet.java] DispatcherServlet - Completed 200 OK
[DEBUG] 2024-10-21 18:04:56.598 [http-nio-8080-exec-7][LogFormatUtils.java] DispatcherServlet - GET "/resources/plugin/fontawesome-free/css/all.min.css", parameters={}
[DEBUG] 2024-10-21 18:04:56.599 [http-nio-8080-exec-5][AbstractHandlerMapping.java] SimpleUrlHandlerMapping - Mapped to ResourceHttpRequestHandler [URL [file:C:/wikidocs/local/], ServletContext [/]]
[DEBUG] 2024-10-21 18:04:56.599 [http-nio-8080-exec-7][AbstractHandlerMapping.java] SimpleUrlHandlerMapping - Mapped to ResourceHttpRequestHandler [URL [file:C:/wikidocs/local/], ServletContext [/]]
[DEBUG] 2024-10-21 18:04:56.599 [http-nio-8080-exec-10][LogFormatUtils.java] DispatcherServlet - GET "/resources/css/custom/custom.css", parameters={}
[DEBUG] 2024-10-21 18:04:56.599 [http-nio-8080-exec-10][AbstractHandlerMapping.java] SimpleUrlHandlerMapping - Mapped to ResourceHttpRequestHandler [URL [file:C:/wikidocs/local/], ServletContext [/]]
[DEBUG] 2024-10-21 18:04:56.599 [http-nio-8080-exec-6][FrameworkServlet.java] DispatcherServlet - Completed 200 OK
[DEBUG] 2024-10-21 18:04:56.600 [http-nio-8080-exec-5][FrameworkServlet.java] DispatcherServlet - Completed 200 OK
[DEBUG] 2024-10-21 18:04:56.600 [http-nio-8080-exec-9][FrameworkServlet.java] DispatcherServlet - Completed 200 OK
[DEBUG] 2024-10-21 18:04:56.600 [http-nio-8080-exec-1][LogFormatUtils.java] DispatcherServlet - GET "/resources/css/sb-admin-2.min.css", parameters={}
[DEBUG] 2024-10-21 18:04:56.600 [http-nio-8080-exec-1][AbstractHandlerMapping.java] SimpleUrlHandlerMapping - Mapped to ResourceHttpRequestHandler [URL [file:C:/wikidocs/local/], ServletContext [/]]
[DEBUG] 2024-10-21 18:04:56.600 [http-nio-8080-exec-7][FrameworkServlet.java] DispatcherServlet - Completed 200 OK
[DEBUG] 2024-10-21 18:04:56.600 [http-nio-8080-exec-10][FrameworkServlet.java] DispatcherServlet - Completed 200 OK
[DEBUG] 2024-10-21 18:04:56.601 [http-nio-8080-exec-2][LogFormatUtils.java] DispatcherServlet - GET "/resources/css/adminlte.css", parameters={}
[DEBUG] 2024-10-21 18:04:56.601 [http-nio-8080-exec-2][AbstractHandlerMapping.java] SimpleUrlHandlerMapping - Mapped to ResourceHttpRequestHandler [URL [file:C:/wikidocs/local/], ServletContext [/]]
[DEBUG] 2024-10-21 18:04:56.602 [http-nio-8080-exec-8][LogFormatUtils.java] DispatcherServlet - GET "/resources/css/battery.css", parameters={}
[DEBUG] 2024-10-21 18:04:56.602 [http-nio-8080-exec-3][LogFormatUtils.java] DispatcherServlet - GET "/resources/css/fly-by.css", parameters={}
[DEBUG] 2024-10-21 18:04:56.602 [http-nio-8080-exec-8][AbstractHandlerMapping.java] SimpleUrlHandlerMapping - Mapped to ResourceHttpRequestHandler [URL [file:C:/wikidocs/local/], ServletContext [/]]
[DEBUG] 2024-10-21 18:04:56.602 [http-nio-8080-exec-3][AbstractHandlerMapping.java] SimpleUrlHandlerMapping - Mapped to ResourceHttpRequestHandler [URL [file:C:/wikidocs/local/], ServletContext [/]]
[DEBUG] 2024-10-21 18:04:56.602 [http-nio-8080-exec-1][FrameworkServlet.java] DispatcherServlet - Completed 200 OK
[DEBUG] 2024-10-21 18:04:56.602 [http-nio-8080-exec-4][LogFormatUtils.java] DispatcherServlet - GET "/resources/css/orbit.css", parameters={}
[DEBUG] 2024-10-21 18:04:56.603 [http-nio-8080-exec-1][LogFormatUtils.java] DispatcherServlet - GET "/resources/css/rainbow.css", parameters={}
[DEBUG] 2024-10-21 18:04:56.603 [http-nio-8080-exec-1][AbstractHandlerMapping.java] SimpleUrlHandlerMapping - Mapped to ResourceHttpRequestHandler [URL [file:C:/wikidocs/local/], ServletContext [/]]
[DEBUG] 2024-10-21 18:04:56.603 [http-nio-8080-exec-4][AbstractHandlerMapping.java] SimpleUrlHandlerMapping - Mapped to ResourceHttpRequestHandler [URL [file:C:/wikidocs/local/], ServletContext [/]]
[DEBUG] 2024-10-21 18:04:56.603 [http-nio-8080-exec-3][FrameworkServlet.java] DispatcherServlet - Completed 200 OK
[DEBUG] 2024-10-21 18:04:56.603 [http-nio-8080-exec-8][FrameworkServlet.java] DispatcherServlet - Completed 200 OK
[DEBUG] 2024-10-21 18:04:56.604 [http-nio-8080-exec-4][FrameworkServlet.java] DispatcherServlet - Completed 200 OK
[DEBUG] 2024-10-21 18:04:56.604 [http-nio-8080-exec-1][FrameworkServlet.java] DispatcherServlet - Completed 200 OK
[DEBUG] 2024-10-21 18:04:56.605 [http-nio-8080-exec-5][LogFormatUtils.java] DispatcherServlet - GET "/resources/img/undraw_profile_1.svg", parameters={}
[DEBUG] 2024-10-21 18:04:56.605 [http-nio-8080-exec-5][AbstractHandlerMapping.java] SimpleUrlHandlerMapping - Mapped to ResourceHttpRequestHandler [URL [file:C:/wikidocs/local/], ServletContext [/]]
[DEBUG] 2024-10-21 18:04:56.605 [http-nio-8080-exec-9][LogFormatUtils.java] DispatcherServlet - GET "/resources/img/undraw_profile_2.svg", parameters={}
[DEBUG] 2024-10-21 18:04:56.606 [http-nio-8080-exec-9][AbstractHandlerMapping.java] SimpleUrlHandlerMapping - Mapped to ResourceHttpRequestHandler [URL [file:C:/wikidocs/local/], ServletContext [/]]
[DEBUG] 2024-10-21 18:04:56.606 [http-nio-8080-exec-5][FrameworkServlet.java] DispatcherServlet - Completed 200 OK
[DEBUG] 2024-10-21 18:04:56.606 [http-nio-8080-exec-9][FrameworkServlet.java] DispatcherServlet - Completed 200 OK
[DEBUG] 2024-10-21 18:04:56.610 [http-nio-8080-exec-2][FrameworkServlet.java] DispatcherServlet - Completed 200 OK
[DEBUG] 2024-10-21 18:04:56.642 [http-nio-8080-exec-7][LogFormatUtils.java] DispatcherServlet - GET "/resources/img/undraw_profile_3.svg", parameters={}
[DEBUG] 2024-10-21 18:04:56.642 [http-nio-8080-exec-7][AbstractHandlerMapping.java] SimpleUrlHandlerMapping - Mapped to ResourceHttpRequestHandler [URL [file:C:/wikidocs/local/], ServletContext [/]]
[DEBUG] 2024-10-21 18:04:56.644 [http-nio-8080-exec-7][FrameworkServlet.java] DispatcherServlet - Completed 200 OK
[DEBUG] 2024-10-21 18:04:56.647 [http-nio-8080-exec-10][LogFormatUtils.java] DispatcherServlet - GET "/resources/img/undraw_profile.svg", parameters={}
[DEBUG] 2024-10-21 18:04:56.647 [http-nio-8080-exec-10][AbstractHandlerMapping.java] SimpleUrlHandlerMapping - Mapped to ResourceHttpRequestHandler [URL [file:C:/wikidocs/local/], ServletContext [/]]
[DEBUG] 2024-10-21 18:04:56.647 [http-nio-8080-exec-6][LogFormatUtils.java] DispatcherServlet - GET "/resources/plugin/jquery/jquery.min.js", parameters={}
[DEBUG] 2024-10-21 18:04:56.648 [http-nio-8080-exec-3][LogFormatUtils.java] DispatcherServlet - GET "/resources/plugin/jquery-ui/jquery-ui.min.js", parameters={}
[DEBUG] 2024-10-21 18:04:56.648 [http-nio-8080-exec-6][AbstractHandlerMapping.java] SimpleUrlHandlerMapping - Mapped to ResourceHttpRequestHandler [URL [file:C:/wikidocs/local/], ServletContext [/]]
[DEBUG] 2024-10-21 18:04:56.648 [http-nio-8080-exec-3][AbstractHandlerMapping.java] SimpleUrlHandlerMapping - Mapped to ResourceHttpRequestHandler [URL [file:C:/wikidocs/local/], ServletContext [/]]
[DEBUG] 2024-10-21 18:04:56.648 [http-nio-8080-exec-8][LogFormatUtils.java] DispatcherServlet - GET "/resources/plugin/jquery/jquery.form.min.js", parameters={}
[DEBUG] 2024-10-21 18:04:56.648 [http-nio-8080-exec-8][AbstractHandlerMapping.java] SimpleUrlHandlerMapping - Mapped to ResourceHttpRequestHandler [URL [file:C:/wikidocs/local/], ServletContext [/]]
[DEBUG] 2024-10-21 18:04:56.648 [http-nio-8080-exec-10][FrameworkServlet.java] DispatcherServlet - Completed 200 OK
[DEBUG] 2024-10-21 18:04:56.648 [http-nio-8080-exec-4][LogFormatUtils.java] DispatcherServlet - GET "/resources/plugin/overlayScrollbars/js/jquery.overlayScrollbars.min.js", parameters={}
[DEBUG] 2024-10-21 18:04:56.648 [http-nio-8080-exec-1][LogFormatUtils.java] DispatcherServlet - GET "/resources/plugin/jquery-confirm/jquery-confirm.min.js", parameters={}
[DEBUG] 2024-10-21 18:04:56.648 [http-nio-8080-exec-4][AbstractHandlerMapping.java] SimpleUrlHandlerMapping - Mapped to ResourceHttpRequestHandler [URL [file:C:/wikidocs/local/], ServletContext [/]]
[DEBUG] 2024-10-21 18:04:56.648 [http-nio-8080-exec-1][AbstractHandlerMapping.java] SimpleUrlHandlerMapping - Mapped to ResourceHttpRequestHandler [URL [file:C:/wikidocs/local/], ServletContext [/]]
[DEBUG] 2024-10-21 18:04:56.649 [http-nio-8080-exec-6][FrameworkServlet.java] DispatcherServlet - Completed 200 OK
[DEBUG] 2024-10-21 18:04:56.649 [http-nio-8080-exec-8][FrameworkServlet.java] DispatcherServlet - Completed 200 OK
[DEBUG] 2024-10-21 18:04:56.650 [http-nio-8080-exec-3][FrameworkServlet.java] DispatcherServlet - Completed 200 OK
[DEBUG] 2024-10-21 18:04:56.650 [http-nio-8080-exec-1][FrameworkServlet.java] DispatcherServlet - Completed 200 OK
[DEBUG] 2024-10-21 18:04:56.650 [http-nio-8080-exec-4][FrameworkServlet.java] DispatcherServlet - Completed 200 OK
[DEBUG] 2024-10-21 18:04:56.651 [http-nio-8080-exec-5][LogFormatUtils.java] DispatcherServlet - GET "/resources/plugin/jquery-validation/jquery.validate.js", parameters={}
[DEBUG] 2024-10-21 18:04:56.651 [http-nio-8080-exec-5][AbstractHandlerMapping.java] SimpleUrlHandlerMapping - Mapped to ResourceHttpRequestHandler [URL [file:C:/wikidocs/local/], ServletContext [/]]
[DEBUG] 2024-10-21 18:04:56.651 [http-nio-8080-exec-9][LogFormatUtils.java] DispatcherServlet - GET "/resources/plugin/jquery-validation/additional-methods.min.js", parameters={}
[DEBUG] 2024-10-21 18:04:56.651 [http-nio-8080-exec-9][AbstractHandlerMapping.java] SimpleUrlHandlerMapping - Mapped to ResourceHttpRequestHandler [URL [file:C:/wikidocs/local/], ServletContext [/]]
[DEBUG] 2024-10-21 18:04:56.651 [http-nio-8080-exec-2][LogFormatUtils.java] DispatcherServlet - GET "/resources/vendor/bootstrap/js/bootstrap.bundle.min.js", parameters={}
[DEBUG] 2024-10-21 18:04:56.651 [http-nio-8080-exec-7][LogFormatUtils.java] DispatcherServlet - GET "/resources/plugin/axios/axios.min.js", parameters={}
[DEBUG] 2024-10-21 18:04:56.652 [http-nio-8080-exec-2][AbstractHandlerMapping.java] SimpleUrlHandlerMapping - Mapped to ResourceHttpRequestHandler [URL [file:C:/wikidocs/local/], ServletContext [/]]
[DEBUG] 2024-10-21 18:04:56.652 [http-nio-8080-exec-7][AbstractHandlerMapping.java] SimpleUrlHandlerMapping - Mapped to ResourceHttpRequestHandler [URL [file:C:/wikidocs/local/], ServletContext [/]]
[DEBUG] 2024-10-21 18:04:56.652 [http-nio-8080-exec-6][LogFormatUtils.java] DispatcherServlet - GET "/resources/plugin/moment/locale/ko.js", parameters={}
[DEBUG] 2024-10-21 18:04:56.652 [http-nio-8080-exec-5][FrameworkServlet.java] DispatcherServlet - Completed 200 OK
[DEBUG] 2024-10-21 18:04:56.652 [http-nio-8080-exec-10][LogFormatUtils.java] DispatcherServlet - GET "/resources/plugin/moment/moment.min.js", parameters={}
[DEBUG] 2024-10-21 18:04:56.652 [http-nio-8080-exec-6][AbstractHandlerMapping.java] SimpleUrlHandlerMapping - Mapped to ResourceHttpRequestHandler [URL [file:C:/wikidocs/local/], ServletContext [/]]
[DEBUG] 2024-10-21 18:04:56.652 [http-nio-8080-exec-10][AbstractHandlerMapping.java] SimpleUrlHandlerMapping - Mapped to ResourceHttpRequestHandler [URL [file:C:/wikidocs/local/], ServletContext [/]]
[DEBUG] 2024-10-21 18:04:56.652 [http-nio-8080-exec-9][FrameworkServlet.java] DispatcherServlet - Completed 200 OK
[DEBUG] 2024-10-21 18:04:56.653 [http-nio-8080-exec-7][FrameworkServlet.java] DispatcherServlet - Completed 200 OK
[DEBUG] 2024-10-21 18:04:56.654 [http-nio-8080-exec-6][FrameworkServlet.java] DispatcherServlet - Completed 200 OK
[DEBUG] 2024-10-21 18:04:56.654 [http-nio-8080-exec-10][FrameworkServlet.java] DispatcherServlet - Completed 200 OK
[DEBUG] 2024-10-21 18:04:56.654 [http-nio-8080-exec-2][FrameworkServlet.java] DispatcherServlet - Completed 200 OK
[DEBUG] 2024-10-21 18:04:56.655 [http-nio-8080-exec-8][LogFormatUtils.java] DispatcherServlet - GET "/resources/plugin/inputmask/jquery.inputmask.min.js", parameters={}
[DEBUG] 2024-10-21 18:04:56.655 [http-nio-8080-exec-3][LogFormatUtils.java] DispatcherServlet - GET "/resources/plugin/daterangepicker/daterangepicker.js", parameters={}
[DEBUG] 2024-10-21 18:04:56.655 [http-nio-8080-exec-8][AbstractHandlerMapping.java] SimpleUrlHandlerMapping - Mapped to ResourceHttpRequestHandler [URL [file:C:/wikidocs/local/], ServletContext [/]]
[DEBUG] 2024-10-21 18:04:56.655 [http-nio-8080-exec-3][AbstractHandlerMapping.java] SimpleUrlHandlerMapping - Mapped to ResourceHttpRequestHandler [URL [file:C:/wikidocs/local/], ServletContext [/]]
[DEBUG] 2024-10-21 18:04:56.656 [http-nio-8080-exec-1][LogFormatUtils.java] DispatcherServlet - GET "/resources/plugin/ag-grid/js/ag-grid.js", parameters={}
[DEBUG] 2024-10-21 18:04:56.656 [http-nio-8080-exec-1][AbstractHandlerMapping.java] SimpleUrlHandlerMapping - Mapped to ResourceHttpRequestHandler [URL [file:C:/wikidocs/local/], ServletContext [/]]
[DEBUG] 2024-10-21 18:04:56.656 [http-nio-8080-exec-4][LogFormatUtils.java] DispatcherServlet - GET "/resources/js/custom/custom.jquery.js", parameters={}
[DEBUG] 2024-10-21 18:04:56.656 [http-nio-8080-exec-4][AbstractHandlerMapping.java] SimpleUrlHandlerMapping - Mapped to ResourceHttpRequestHandler [URL [file:C:/wikidocs/local/], ServletContext [/]]
[DEBUG] 2024-10-21 18:04:56.656 [http-nio-8080-exec-5][LogFormatUtils.java] DispatcherServlet - GET "/resources/js/custom/custom.common.js", parameters={}
[DEBUG] 2024-10-21 18:04:56.656 [http-nio-8080-exec-9][LogFormatUtils.java] DispatcherServlet - GET "/resources/js/custom/custom.storage.js", parameters={}
[DEBUG] 2024-10-21 18:04:56.656 [http-nio-8080-exec-5][AbstractHandlerMapping.java] SimpleUrlHandlerMapping - Mapped to ResourceHttpRequestHandler [URL [file:C:/wikidocs/local/], ServletContext [/]]
[DEBUG] 2024-10-21 18:04:56.656 [http-nio-8080-exec-9][AbstractHandlerMapping.java] SimpleUrlHandlerMapping - Mapped to ResourceHttpRequestHandler [URL [file:C:/wikidocs/local/], ServletContext [/]]
[DEBUG] 2024-10-21 18:04:56.657 [http-nio-8080-exec-3][FrameworkServlet.java] DispatcherServlet - Completed 200 OK
[DEBUG] 2024-10-21 18:04:56.657 [http-nio-8080-exec-8][FrameworkServlet.java] DispatcherServlet - Completed 200 OK
[DEBUG] 2024-10-21 18:04:56.658 [http-nio-8080-exec-9][FrameworkServlet.java] DispatcherServlet - Completed 200 OK
[DEBUG] 2024-10-21 18:04:56.658 [http-nio-8080-exec-4][FrameworkServlet.java] DispatcherServlet - Completed 200 OK
[DEBUG] 2024-10-21 18:04:56.658 [http-nio-8080-exec-5][FrameworkServlet.java] DispatcherServlet - Completed 200 OK
[DEBUG] 2024-10-21 18:04:56.659 [http-nio-8080-exec-7][LogFormatUtils.java] DispatcherServlet - GET "/resources/js/custom/custom.util.js", parameters={}
[DEBUG] 2024-10-21 18:04:56.659 [http-nio-8080-exec-7][AbstractHandlerMapping.java] SimpleUrlHandlerMapping - Mapped to ResourceHttpRequestHandler [URL [file:C:/wikidocs/local/], ServletContext [/]]
[DEBUG] 2024-10-21 18:04:56.659 [http-nio-8080-exec-6][LogFormatUtils.java] DispatcherServlet - GET "/resources/js/custom/custom.grid.js", parameters={}
[DEBUG] 2024-10-21 18:04:56.659 [http-nio-8080-exec-6][AbstractHandlerMapping.java] SimpleUrlHandlerMapping - Mapped to ResourceHttpRequestHandler [URL [file:C:/wikidocs/local/], ServletContext [/]]
[DEBUG] 2024-10-21 18:04:56.660 [http-nio-8080-exec-10][LogFormatUtils.java] DispatcherServlet - GET "/resources/js/sb-admin-2.min.js", parameters={}
[DEBUG] 2024-10-21 18:04:56.660 [http-nio-8080-exec-2][LogFormatUtils.java] DispatcherServlet - GET "/resources/js/adminlte.js", parameters={}
[DEBUG] 2024-10-21 18:04:56.660 [http-nio-8080-exec-2][AbstractHandlerMapping.java] SimpleUrlHandlerMapping - Mapped to ResourceHttpRequestHandler [URL [file:C:/wikidocs/local/], ServletContext [/]]
[DEBUG] 2024-10-21 18:04:56.660 [http-nio-8080-exec-10][AbstractHandlerMapping.java] SimpleUrlHandlerMapping - Mapped to ResourceHttpRequestHandler [URL [file:C:/wikidocs/local/], ServletContext [/]]
[DEBUG] 2024-10-21 18:04:56.660 [http-nio-8080-exec-7][FrameworkServlet.java] DispatcherServlet - Completed 200 OK
[DEBUG] 2024-10-21 18:04:56.660 [http-nio-8080-exec-6][FrameworkServlet.java] DispatcherServlet - Completed 200 OK
[DEBUG] 2024-10-21 18:04:56.661 [http-nio-8080-exec-10][FrameworkServlet.java] DispatcherServlet - Completed 200 OK
[DEBUG] 2024-10-21 18:04:56.661 [http-nio-8080-exec-2][FrameworkServlet.java] DispatcherServlet - Completed 200 OK
[DEBUG] 2024-10-21 18:04:56.689 [http-nio-8080-exec-1][FrameworkServlet.java] DispatcherServlet - Completed 200 OK
[DEBUG] 2024-10-21 18:04:56.697 [http-nio-8080-exec-3][LogFormatUtils.java] DispatcherServlet - GET "/resources/plugin/fontawesome-free/webfonts/fa-solid-900.woff2", parameters={}
[DEBUG] 2024-10-21 18:04:56.699 [http-nio-8080-exec-3][AbstractHandlerMapping.java] SimpleUrlHandlerMapping - Mapped to ResourceHttpRequestHandler [URL [file:C:/wikidocs/local/], ServletContext [/]]
[DEBUG] 2024-10-21 18:04:56.701 [http-nio-8080-exec-3][FrameworkServlet.java] DispatcherServlet - Completed 200 OK
[DEBUG] 2024-10-21 18:04:56.703 [http-nio-8080-exec-8][LogFormatUtils.java] DispatcherServlet - GET "/resources/plugin/fontawesome-free/webfonts/fa-brands-400.woff2", parameters={}
[DEBUG] 2024-10-21 18:04:56.704 [http-nio-8080-exec-8][AbstractHandlerMapping.java] SimpleUrlHandlerMapping - Mapped to ResourceHttpRequestHandler [URL [file:C:/wikidocs/local/], ServletContext [/]]
[DEBUG] 2024-10-21 18:04:56.706 [http-nio-8080-exec-8][FrameworkServlet.java] DispatcherServlet - Completed 200 OK
